#-----------------------------------------------------------
# Vivado v2024.1 (64-bit)
# SW Build 5076996 on Wed May 22 18:37:14 MDT 2024
# IP Build 5075265 on Wed May 22 21:45:21 MDT 2024
# SharedData Build 5076995 on Wed May 22 18:29:18 MDT 2024
# Start of session at: Wed Jan 22 11:43:32 2025
# Process ID: 13180
# Current directory: D:/Datos/Universidad/4.Cuarto/SED/LAB/TRABAJOFINAL_VHDL/PEAJE_FINAL
# Command line: vivado.exe -gui_launcher_event rodinguilauncherevent22916 D:\Datos\Universidad\4.Cuarto\SED\LAB\TRABAJOFINAL_VHDL\PEAJE_FINAL\PEAJE_FINAL.xpr
# Log file: D:/Datos/Universidad/4.Cuarto/SED/LAB/TRABAJOFINAL_VHDL/PEAJE_FINAL/vivado.log
# Journal file: D:/Datos/Universidad/4.Cuarto/SED/LAB/TRABAJOFINAL_VHDL/PEAJE_FINAL\vivado.jou
# Running On        :LAPTOP-H28DHHSO
# Platform          :Windows Server 2016 or Windows 10
# Operating System  :19045
# Processor Detail  :Intel(R) Core(TM) i7-1065G7 CPU @ 1.30GHz
# CPU Frequency     :1498 MHz
# CPU Physical cores:4
# CPU Logical cores :8
# Host memory       :8368 MB
# Swap memory       :15841 MB
# Total Virtual     :24210 MB
# Available Virtual :8997 MB
#-----------------------------------------------------------
start_gui
open_project D:/Datos/Universidad/4.Cuarto/SED/LAB/TRABAJOFINAL_VHDL/PEAJE_FINAL/PEAJE_FINAL.xpr
WARNING: [Board 49-26] cannot add Board Part xilinx.com:k24c:part0:1.0 available at C:/Xilinx/Vivado/2024.1/data/xhub/boards/XilinxBoardStore/boards/Xilinx/k24c/1.0/board.xml as part xck24-ubva530-2lv-c specified in board_part file is either invalid or not available
WARNING: [Board 49-26] cannot add Board Part xilinx.com:k24i:part0:1.0 available at C:/Xilinx/Vivado/2024.1/data/xhub/boards/XilinxBoardStore/boards/Xilinx/k24i/1.0/board.xml as part xck24-ubva530-2lvi-i specified in board_part file is either invalid or not available
WARNING: [Board 49-26] cannot add Board Part xilinx.com:k26c:part0:1.2 available at C:/Xilinx/Vivado/2024.1/data/xhub/boards/XilinxBoardStore/boards/Xilinx/k26c/1.2/board.xml as part xck26-sfvc784-2lv-c specified in board_part file is either invalid or not available
WARNING: [Board 49-26] cannot add Board Part xilinx.com:k26c:part0:1.3 available at C:/Xilinx/Vivado/2024.1/data/xhub/boards/XilinxBoardStore/boards/Xilinx/k26c/1.3/board.xml as part xck26-sfvc784-2lv-c specified in board_part file is either invalid or not available
WARNING: [Board 49-26] cannot add Board Part xilinx.com:k26c:part0:1.4 available at C:/Xilinx/Vivado/2024.1/data/xhub/boards/XilinxBoardStore/boards/Xilinx/k26c/1.4/board.xml as part xck26-sfvc784-2lv-c specified in board_part file is either invalid or not available
WARNING: [Board 49-26] cannot add Board Part xilinx.com:k26i:part0:1.2 available at C:/Xilinx/Vivado/2024.1/data/xhub/boards/XilinxBoardStore/boards/Xilinx/k26i/1.2/board.xml as part xck26-sfvc784-2lvi-i specified in board_part file is either invalid or not available
WARNING: [Board 49-26] cannot add Board Part xilinx.com:k26i:part0:1.3 available at C:/Xilinx/Vivado/2024.1/data/xhub/boards/XilinxBoardStore/boards/Xilinx/k26i/1.3/board.xml as part xck26-sfvc784-2lvi-i specified in board_part file is either invalid or not available
WARNING: [Board 49-26] cannot add Board Part xilinx.com:k26i:part0:1.4 available at C:/Xilinx/Vivado/2024.1/data/xhub/boards/XilinxBoardStore/boards/Xilinx/k26i/1.4/board.xml as part xck26-sfvc784-2lvi-i specified in board_part file is either invalid or not available
WARNING: [Board 49-26] cannot add Board Part xilinx.com:kc705:part0:1.6 available at C:/Xilinx/Vivado/2024.1/data/xhub/boards/XilinxBoardStore/boards/Xilinx/kc705/1.6/board.xml as part xc7k325tffg900-2 specified in board_part file is either invalid or not available
WARNING: [Board 49-26] cannot add Board Part xilinx.com:kcu105:part0:1.6 available at C:/Xilinx/Vivado/2024.1/data/xhub/boards/XilinxBoardStore/boards/Xilinx/kcu105/1.6/board.xml as part xcku040-ffva1156-2-e specified in board_part file is either invalid or not available
WARNING: [Board 49-26] cannot add Board Part xilinx.com:kcu105:part0:1.7 available at C:/Xilinx/Vivado/2024.1/data/xhub/boards/XilinxBoardStore/boards/Xilinx/kcu105/1.7/board.xml as part xcku040-ffva1156-2-e specified in board_part file is either invalid or not available
WARNING: [Board 49-26] cannot add Board Part xilinx.com:kcu116:part0:1.4 available at C:/Xilinx/Vivado/2024.1/data/xhub/boards/XilinxBoardStore/boards/Xilinx/kcu116/1.4/board.xml as part xcku5p-ffvb676-2-e specified in board_part file is either invalid or not available
WARNING: [Board 49-26] cannot add Board Part xilinx.com:kcu116:part0:1.5 available at C:/Xilinx/Vivado/2024.1/data/xhub/boards/XilinxBoardStore/boards/Xilinx/kcu116/1.5/board.xml as part xcku5p-ffvb676-2-e specified in board_part file is either invalid or not available
WARNING: [Board 49-26] cannot add Board Part xilinx.com:kcu1500:part0:1.2 available at C:/Xilinx/Vivado/2024.1/data/xhub/boards/XilinxBoardStore/boards/Xilinx/kcu1500/1.2/board.xml as part xcku115-flvb2104-2-e specified in board_part file is either invalid or not available
WARNING: [Board 49-26] cannot add Board Part xilinx.com:kd240_som:part0:1.0 available at C:/Xilinx/Vivado/2024.1/data/xhub/boards/XilinxBoardStore/boards/Xilinx/kd240_som/1.0/board.xml as part xck24-ubva530-2lv-c specified in board_part file is either invalid or not available
WARNING: [Board 49-26] cannot add Board Part xilinx.com:kr260_som:part0:1.0 available at C:/Xilinx/Vivado/2024.1/data/xhub/boards/XilinxBoardStore/boards/Xilinx/kr260_som/1.0/board.xml as part xck26-sfvc784-2lv-c specified in board_part file is either invalid or not available
WARNING: [Board 49-26] cannot add Board Part xilinx.com:kr260_som:part0:1.1 available at C:/Xilinx/Vivado/2024.1/data/xhub/boards/XilinxBoardStore/boards/Xilinx/kr260_som/1.1/board.xml as part xck26-sfvc784-2lv-c specified in board_part file is either invalid or not available
WARNING: [Board 49-26] cannot add Board Part xilinx.com:kv260_som:part0:1.2 available at C:/Xilinx/Vivado/2024.1/data/xhub/boards/XilinxBoardStore/boards/Xilinx/kv260_som/1.2/board.xml as part xck26-sfvc784-2lv-c specified in board_part file is either invalid or not available
WARNING: [Board 49-26] cannot add Board Part xilinx.com:kv260_som:part0:1.3 available at C:/Xilinx/Vivado/2024.1/data/xhub/boards/XilinxBoardStore/boards/Xilinx/kv260_som/1.3/board.xml as part xck26-sfvc784-2lv-c specified in board_part file is either invalid or not available
WARNING: [Board 49-26] cannot add Board Part xilinx.com:kv260_som:part0:1.4 available at C:/Xilinx/Vivado/2024.1/data/xhub/boards/XilinxBoardStore/boards/Xilinx/kv260_som/1.4/board.xml as part xck26-sfvc784-2lv-c specified in board_part file is either invalid or not available
WARNING: [Board 49-26] cannot add Board Part xilinx.com:vc707:part0:1.4 available at C:/Xilinx/Vivado/2024.1/data/xhub/boards/XilinxBoardStore/boards/Xilinx/vc707/1.4/board.xml as part xc7vx485tffg1761-2 specified in board_part file is either invalid or not available
WARNING: [Board 49-26] cannot add Board Part xilinx.com:vc709:part0:1.8 available at C:/Xilinx/Vivado/2024.1/data/xhub/boards/XilinxBoardStore/boards/Xilinx/vc709/1.8/board.xml as part xc7vx690tffg1761-2 specified in board_part file is either invalid or not available
WARNING: [Board 49-26] cannot add Board Part xilinx.com:vck190:part0:2.2 available at C:/Xilinx/Vivado/2024.1/data/xhub/boards/XilinxBoardStore/boards/Xilinx/vck190/production/2.2/board.xml as part xcvc1902-vsva2197-2mp-e-s specified in board_part file is either invalid or not available
WARNING: [Board 49-26] cannot add Board Part xilinx.com:vck190:part0:3.0 available at C:/Xilinx/Vivado/2024.1/data/xhub/boards/XilinxBoardStore/boards/Xilinx/vck190/production/3.0/board.xml as part xcvc1902-vsva2197-2mp-e-s specified in board_part file is either invalid or not available
WARNING: [Board 49-26] cannot add Board Part xilinx.com:vck190:part0:3.1 available at C:/Xilinx/Vivado/2024.1/data/xhub/boards/XilinxBoardStore/boards/Xilinx/vck190/production/3.1/board.xml as part xcvc1902-vsva2197-2mp-e-s specified in board_part file is either invalid or not available
WARNING: [Board 49-26] cannot add Board Part xilinx.com:vck190:part0:3.2 available at C:/Xilinx/Vivado/2024.1/data/xhub/boards/XilinxBoardStore/boards/Xilinx/vck190/production/3.2/board.xml as part xcvc1902-vsva2197-2mp-e-s specified in board_part file is either invalid or not available
WARNING: [Board 49-26] cannot add Board Part xilinx.com:vck190:part0:3.3 available at C:/Xilinx/Vivado/2024.1/data/xhub/boards/XilinxBoardStore/boards/Xilinx/vck190/production/3.3/board.xml as part xcvc1902-vsva2197-2mp-e-s specified in board_part file is either invalid or not available
WARNING: [Board 49-26] cannot add Board Part xilinx.com:vck190_newl:part0:1.0 available at C:/Xilinx/Vivado/2024.1/data/xhub/boards/XilinxBoardStore/boards/Xilinx/vck190_newl/production/1.0/board.xml as part xcvc1902-vsva2197-2mp-e-s specified in board_part file is either invalid or not available
WARNING: [Board 49-26] cannot add Board Part xilinx.com:vck190_newl:part0:1.1 available at C:/Xilinx/Vivado/2024.1/data/xhub/boards/XilinxBoardStore/boards/Xilinx/vck190_newl/production/1.1/board.xml as part xcvc1902-vsva2197-2mp-e-s specified in board_part file is either invalid or not available
WARNING: [Board 49-26] cannot add Board Part xilinx.com:vck190_newl:part0:1.2 available at C:/Xilinx/Vivado/2024.1/data/xhub/boards/XilinxBoardStore/boards/Xilinx/vck190_newl/production/1.2/board.xml as part xcvc1902-vsva2197-2mp-e-s specified in board_part file is either invalid or not available
WARNING: [Board 49-26] cannot add Board Part xilinx.com:vcu108:part0:1.6 available at C:/Xilinx/Vivado/2024.1/data/xhub/boards/XilinxBoardStore/boards/Xilinx/vcu108/1.6/board.xml as part xcvu095-ffva2104-2-e specified in board_part file is either invalid or not available
WARNING: [Board 49-26] cannot add Board Part xilinx.com:vcu108:part0:1.7 available at C:/Xilinx/Vivado/2024.1/data/xhub/boards/XilinxBoardStore/boards/Xilinx/vcu108/1.7/board.xml as part xcvu095-ffva2104-2-e specified in board_part file is either invalid or not available
WARNING: [Board 49-26] cannot add Board Part xilinx.com:vcu110:part0:1.4 available at C:/Xilinx/Vivado/2024.1/data/xhub/boards/XilinxBoardStore/boards/Xilinx/vcu110/1.4/board.xml as part xcvu190-flgc2104-2-e specified in board_part file is either invalid or not available
WARNING: [Board 49-26] cannot add Board Part xilinx.com:vcu118:part0:2.0 available at C:/Xilinx/Vivado/2024.1/data/xhub/boards/XilinxBoardStore/boards/Xilinx/vcu118/2.0/board.xml as part xcvu9p-flga2104-2l-e specified in board_part file is either invalid or not available
WARNING: [Board 49-26] cannot add Board Part xilinx.com:vcu118:part0:2.3 available at C:/Xilinx/Vivado/2024.1/data/xhub/boards/XilinxBoardStore/boards/Xilinx/vcu118/2.3/board.xml as part xcvu9p-flga2104-2l-e specified in board_part file is either invalid or not available
WARNING: [Board 49-26] cannot add Board Part xilinx.com:vcu118:part0:2.4 available at C:/Xilinx/Vivado/2024.1/data/xhub/boards/XilinxBoardStore/boards/Xilinx/vcu118/2.4/board.xml as part xcvu9p-flga2104-2l-e specified in board_part file is either invalid or not available
WARNING: [Board 49-26] cannot add Board Part xilinx.com:vcu128:part0:1.0 available at C:/Xilinx/Vivado/2024.1/data/xhub/boards/XilinxBoardStore/boards/Xilinx/vcu128/production/1.0/board.xml as part xcvu37p-fsvh2892-2l-e specified in board_part file is either invalid or not available
WARNING: [Board 49-26] cannot add Board Part xilinx.com:vcu129:part0:1.0 available at C:/Xilinx/Vivado/2024.1/data/xhub/boards/XilinxBoardStore/boards/Xilinx/vcu129/production/1.0/board.xml as part xcvu29p-fsga2577-2l-e specified in board_part file is either invalid or not available
WARNING: [Board 49-26] cannot add Board Part xilinx.com:vcu1525:part0:1.3 available at C:/Xilinx/Vivado/2024.1/data/xhub/boards/XilinxBoardStore/boards/Xilinx/vcu1525/1.3/board.xml as part xcvu9p-fsgd2104-2l-e specified in board_part file is either invalid or not available
WARNING: [Board 49-26] cannot add Board Part xilinx.com:vek280:part0:1.0 available at C:/Xilinx/Vivado/2024.1/data/xhub/boards/XilinxBoardStore/boards/Xilinx/vek280/production/1.0/board.xml as part xcve2802-vsvh1760-2mp-e-s specified in board_part file is either invalid or not available
WARNING: [Board 49-26] cannot add Board Part xilinx.com:vek280:part0:1.1 available at C:/Xilinx/Vivado/2024.1/data/xhub/boards/XilinxBoardStore/boards/Xilinx/vek280/production/1.1/board.xml as part xcve2802-vsvh1760-2mp-e-s specified in board_part file is either invalid or not available
WARNING: [Board 49-26] cannot add Board Part xilinx.com:vek280:part0:1.2 available at C:/Xilinx/Vivado/2024.1/data/xhub/boards/XilinxBoardStore/boards/Xilinx/vek280/production/1.2/board.xml as part xcve2802-vsvh1760-2mp-e-s specified in board_part file is either invalid or not available
WARNING: [Board 49-26] cannot add Board Part xilinx.com:vek280_es:part0:1.0 available at C:/Xilinx/Vivado/2024.1/data/xhub/boards/XilinxBoardStore/boards/Xilinx/vek280/es/rev_a/1.0/board.xml as part xcve2802-vsvh1760-2lp-e-s-es1 specified in board_part file is either invalid or not available
WARNING: [Board 49-26] cannot add Board Part xilinx.com:vek280_es:part0:1.1 available at C:/Xilinx/Vivado/2024.1/data/xhub/boards/XilinxBoardStore/boards/Xilinx/vek280/es/rev_a/1.1/board.xml as part xcve2802-vsvh1760-2lp-e-s-es1 specified in board_part file is either invalid or not available
WARNING: [Board 49-26] cannot add Board Part xilinx.com:vek280_es_revb:part0:1.0 available at C:/Xilinx/Vivado/2024.1/data/xhub/boards/XilinxBoardStore/boards/Xilinx/vek280/es/rev_b/1.0/board.xml as part xcve2802-vsvh1760-2mp-e-s-es1 specified in board_part file is either invalid or not available
WARNING: [Board 49-26] cannot add Board Part xilinx.com:vek280_es_revb:part0:1.1 available at C:/Xilinx/Vivado/2024.1/data/xhub/boards/XilinxBoardStore/boards/Xilinx/vek280/es/rev_b/1.1/board.xml as part xcve2802-vsvh1760-2mp-e-s-es1 specified in board_part file is either invalid or not available
WARNING: [Board 49-26] cannot add Board Part xilinx.com:vermeo_t1_mpsoc:part0:1.0 available at C:/Xilinx/Vivado/2024.1/data/xhub/boards/XilinxBoardStore/boards/Xilinx/vermeo_t1_mpsoc/1.0/board.xml as part xczu19eg-ffvd1760-2l-e specified in board_part file is either invalid or not available
WARNING: [Board 49-26] cannot add Board Part xilinx.com:vermeo_t1_rfsoc:part0:1.0 available at C:/Xilinx/Vivado/2024.1/data/xhub/boards/XilinxBoardStore/boards/Xilinx/vermeo_t1_rfsoc/1.0/board.xml as part xczu21dr-ffvd1156-2l-e specified in board_part file is either invalid or not available
WARNING: [Board 49-26] cannot add Board Part xilinx.com:vhk158:part0:1.0 available at C:/Xilinx/Vivado/2024.1/data/xhub/boards/XilinxBoardStore/boards/Xilinx/vhk158/production/1.0/board.xml as part xcvh1582-vsva3697-2mp-e-s specified in board_part file is either invalid or not available
WARNING: [Board 49-26] cannot add Board Part xilinx.com:vhk158:part0:1.1 available at C:/Xilinx/Vivado/2024.1/data/xhub/boards/XilinxBoardStore/boards/Xilinx/vhk158/production/1.1/board.xml as part xcvh1582-vsva3697-2mp-e-s specified in board_part file is either invalid or not available
WARNING: [Board 49-26] cannot add Board Part xilinx.com:vhk158_es:part0:1.0 available at C:/Xilinx/Vivado/2024.1/data/xhub/boards/XilinxBoardStore/boards/Xilinx/vhk158/es/1.0/board.xml as part xcvh1582-vsva3697-2mp-e-s-es1 specified in board_part file is either invalid or not available
WARNING: [Board 49-26] cannot add Board Part xilinx.com:vhk158_es:part0:1.1 available at C:/Xilinx/Vivado/2024.1/data/xhub/boards/XilinxBoardStore/boards/Xilinx/vhk158/es/1.1/board.xml as part xcvh1582-vsva3697-2mp-e-s-es1 specified in board_part file is either invalid or not available
WARNING: [Board 49-26] cannot add Board Part xilinx.com:vmk180:part0:2.2 available at C:/Xilinx/Vivado/2024.1/data/xhub/boards/XilinxBoardStore/boards/Xilinx/vmk180/production/2.2/board.xml as part xcvm1802-vsva2197-2mp-e-s specified in board_part file is either invalid or not available
WARNING: [Board 49-26] cannot add Board Part xilinx.com:vmk180:part0:3.0 available at C:/Xilinx/Vivado/2024.1/data/xhub/boards/XilinxBoardStore/boards/Xilinx/vmk180/production/3.0/board.xml as part xcvm1802-vsva2197-2mp-e-s specified in board_part file is either invalid or not available
WARNING: [Board 49-26] cannot add Board Part xilinx.com:vmk180:part0:3.1 available at C:/Xilinx/Vivado/2024.1/data/xhub/boards/XilinxBoardStore/boards/Xilinx/vmk180/production/3.1/board.xml as part xcvm1802-vsva2197-2mp-e-s specified in board_part file is either invalid or not available
WARNING: [Board 49-26] cannot add Board Part xilinx.com:vmk180:part0:3.2 available at C:/Xilinx/Vivado/2024.1/data/xhub/boards/XilinxBoardStore/boards/Xilinx/vmk180/production/3.2/board.xml as part xcvm1802-vsva2197-2mp-e-s specified in board_part file is either invalid or not available
WARNING: [Board 49-26] cannot add Board Part xilinx.com:vmk180_newl:part0:1.0 available at C:/Xilinx/Vivado/2024.1/data/xhub/boards/XilinxBoardStore/boards/Xilinx/vmk180_newl/production/1.0/board.xml as part xcvm1802-vsva2197-2mp-e-s specified in board_part file is either invalid or not available
WARNING: [Board 49-26] cannot add Board Part xilinx.com:vmk180_newl:part0:1.1 available at C:/Xilinx/Vivado/2024.1/data/xhub/boards/XilinxBoardStore/boards/Xilinx/vmk180_newl/production/1.1/board.xml as part xcvm1802-vsva2197-2mp-e-s specified in board_part file is either invalid or not available
WARNING: [Board 49-26] cannot add Board Part xilinx.com:vpk120:part0:1.0 available at C:/Xilinx/Vivado/2024.1/data/xhub/boards/XilinxBoardStore/boards/Xilinx/vpk120/production/1.0/board.xml as part xcvp1202-vsva2785-2mp-e-s specified in board_part file is either invalid or not available
WARNING: [Board 49-26] cannot add Board Part xilinx.com:vpk120:part0:1.1 available at C:/Xilinx/Vivado/2024.1/data/xhub/boards/XilinxBoardStore/boards/Xilinx/vpk120/production/1.1/board.xml as part xcvp1202-vsva2785-2mp-e-s specified in board_part file is either invalid or not available
WARNING: [Board 49-26] cannot add Board Part xilinx.com:vpk120:part0:1.2 available at C:/Xilinx/Vivado/2024.1/data/xhub/boards/XilinxBoardStore/boards/Xilinx/vpk120/production/1.2/board.xml as part xcvp1202-vsva2785-2mp-e-s specified in board_part file is either invalid or not available
WARNING: [Board 49-26] cannot add Board Part xilinx.com:vpk180:part0:1.0 available at C:/Xilinx/Vivado/2024.1/data/xhub/boards/XilinxBoardStore/boards/Xilinx/vpk180/production/1.0/board.xml as part xcvp1802-lsvc4072-2mp-e-s specified in board_part file is either invalid or not available
WARNING: [Board 49-26] cannot add Board Part xilinx.com:vpk180:part0:1.1 available at C:/Xilinx/Vivado/2024.1/data/xhub/boards/XilinxBoardStore/boards/Xilinx/vpk180/production/1.1/board.xml as part xcvp1802-lsvc4072-2mp-e-s specified in board_part file is either invalid or not available
WARNING: [Board 49-26] cannot add Board Part xilinx.com:vpk180:part0:1.2 available at C:/Xilinx/Vivado/2024.1/data/xhub/boards/XilinxBoardStore/boards/Xilinx/vpk180/production/1.2/board.xml as part xcvp1802-lsvc4072-2mp-e-s specified in board_part file is either invalid or not available
WARNING: [Board 49-26] cannot add Board Part xilinx.com:zc702:part0:1.4 available at C:/Xilinx/Vivado/2024.1/data/xhub/boards/XilinxBoardStore/boards/Xilinx/zc702/1.4/board.xml as part xc7z020clg484-1 specified in board_part file is either invalid or not available
WARNING: [Board 49-26] cannot add Board Part xilinx.com:zc706:part0:1.4 available at C:/Xilinx/Vivado/2024.1/data/xhub/boards/XilinxBoardStore/boards/Xilinx/zc706/1.4/board.xml as part xc7z045ffg900-2 specified in board_part file is either invalid or not available
WARNING: [Board 49-26] cannot add Board Part xilinx.com:zcu102:part0:3.3 available at C:/Xilinx/Vivado/2024.1/data/xhub/boards/XilinxBoardStore/boards/Xilinx/zcu102/3.3/board.xml as part xczu9eg-ffvb1156-2-e specified in board_part file is either invalid or not available
WARNING: [Board 49-26] cannot add Board Part xilinx.com:zcu102:part0:3.4 available at C:/Xilinx/Vivado/2024.1/data/xhub/boards/XilinxBoardStore/boards/Xilinx/zcu102/3.4/board.xml as part xczu9eg-ffvb1156-2-e specified in board_part file is either invalid or not available
WARNING: [Board 49-26] cannot add Board Part xilinx.com:zcu104:part0:1.1 available at C:/Xilinx/Vivado/2024.1/data/xhub/boards/XilinxBoardStore/boards/Xilinx/zcu104/1.1/board.xml as part xczu7ev-ffvc1156-2-e specified in board_part file is either invalid or not available
WARNING: [Board 49-26] cannot add Board Part xilinx.com:zcu106:part0:2.4 available at C:/Xilinx/Vivado/2024.1/data/xhub/boards/XilinxBoardStore/boards/Xilinx/zcu106/2.4/board.xml as part xczu7ev-ffvc1156-2-e specified in board_part file is either invalid or not available
WARNING: [Board 49-26] cannot add Board Part xilinx.com:zcu106:part0:2.5 available at C:/Xilinx/Vivado/2024.1/data/xhub/boards/XilinxBoardStore/boards/Xilinx/zcu106/2.5/board.xml as part xczu7ev-ffvc1156-2-e specified in board_part file is either invalid or not available
WARNING: [Board 49-26] cannot add Board Part xilinx.com:zcu106:part0:2.6 available at C:/Xilinx/Vivado/2024.1/data/xhub/boards/XilinxBoardStore/boards/Xilinx/zcu106/2.6/board.xml as part xczu7ev-ffvc1156-2-e specified in board_part file is either invalid or not available
WARNING: [Board 49-26] cannot add Board Part xilinx.com:zcu111:part0:1.2 available at C:/Xilinx/Vivado/2024.1/data/xhub/boards/XilinxBoardStore/boards/Xilinx/zcu111/1.2/board.xml as part xczu28dr-ffvg1517-2-e specified in board_part file is either invalid or not available
WARNING: [Board 49-26] cannot add Board Part xilinx.com:zcu111:part0:1.3 available at C:/Xilinx/Vivado/2024.1/data/xhub/boards/XilinxBoardStore/boards/Xilinx/zcu111/1.3/board.xml as part xczu28dr-ffvg1517-2-e specified in board_part file is either invalid or not available
WARNING: [Board 49-26] cannot add Board Part xilinx.com:zcu111:part0:1.4 available at C:/Xilinx/Vivado/2024.1/data/xhub/boards/XilinxBoardStore/boards/Xilinx/zcu111/1.4/board.xml as part xczu28dr-ffvg1517-2-e specified in board_part file is either invalid or not available
WARNING: [Board 49-26] cannot add Board Part xilinx.com:zcu1275:part0:1.0 available at C:/Xilinx/Vivado/2024.1/data/xhub/boards/XilinxBoardStore/boards/Xilinx/zcu1275/1.0/board.xml as part xczu29dr-ffvf1760-2-e specified in board_part file is either invalid or not available
WARNING: [Board 49-26] cannot add Board Part xilinx.com:zcu1285:part0:1.0 available at C:/Xilinx/Vivado/2024.1/data/xhub/boards/XilinxBoardStore/boards/Xilinx/zcu1285/1.0/board.xml as part xczu39dr-ffvf1760-2-i specified in board_part file is either invalid or not available
WARNING: [Board 49-26] cannot add Board Part xilinx.com:zcu208:part0:2.0 available at C:/Xilinx/Vivado/2024.1/data/xhub/boards/XilinxBoardStore/boards/Xilinx/zcu208/production/2.0/board.xml as part xczu48dr-fsvg1517-2-e specified in board_part file is either invalid or not available
WARNING: [Board 49-26] cannot add Board Part xilinx.com:zcu208ld:part0:2.0 available at C:/Xilinx/Vivado/2024.1/data/xhub/boards/XilinxBoardStore/boards/Xilinx/zcu208ld/production/2.0/board.xml as part xczu58dr-fsvg1517-2-i specified in board_part file is either invalid or not available
WARNING: [Board 49-26] cannot add Board Part xilinx.com:zcu216:part0:2.0 available at C:/Xilinx/Vivado/2024.1/data/xhub/boards/XilinxBoardStore/boards/Xilinx/zcu216/production/2.0/board.xml as part xczu49dr-ffvf1760-2-e specified in board_part file is either invalid or not available
WARNING: [Board 49-26] cannot add Board Part xilinx.com:zcu216ld:part0:2.0 available at C:/Xilinx/Vivado/2024.1/data/xhub/boards/XilinxBoardStore/boards/Xilinx/zcu216ld/production/2.0/board.xml as part xczu59dr-ffvf1760-2-i specified in board_part file is either invalid or not available
WARNING: [Board 49-26] cannot add Board Part xilinx.com:zcu670:part0:2.0 available at C:/Xilinx/Vivado/2024.1/data/xhub/boards/XilinxBoardStore/boards/Xilinx/zcu670/2.0/board.xml as part xczu67dr-fsve1156-2-i specified in board_part file is either invalid or not available
WARNING: [Board 49-26] cannot add Board Part xilinx.com:zcu670ld:part0:1.0 available at C:/Xilinx/Vivado/2024.1/data/xhub/boards/XilinxBoardStore/boards/Xilinx/zcu670ld/1.0/board.xml as part xczu57dr-fsve1156-2-i specified in board_part file is either invalid or not available
INFO: [filemgmt 56-3] Default IP Output Path : Could not find the directory 'D:/Datos/Universidad/4.Cuarto/SED/LAB/TRABAJOFINAL_VHDL/PEAJE_FINAL/PEAJE_FINAL.gen/sources_1'.
Scanning sources...
Finished scanning sources
INFO: [IP_Flow 19-234] Refreshing IP repositories
INFO: [IP_Flow 19-1704] No user IP repositories specified
INFO: [IP_Flow 19-2313] Loaded Vivado IP repository 'C:/Xilinx/Vivado/2024.1/data/ip'.
open_project: Time (s): cpu = 00:00:43 ; elapsed = 00:00:21 . Memory (MB): peak = 1468.770 ; gain = 407.457
update_compile_order -fileset sources_1
close [ open D:/Datos/Universidad/4.Cuarto/SED/LAB/TRABAJOFINAL_VHDL/PEAJE_FINAL/PEAJE_FINAL.srcs/sources_1/new/DIGITAL.vhd w ]
add_files D:/Datos/Universidad/4.Cuarto/SED/LAB/TRABAJOFINAL_VHDL/PEAJE_FINAL/PEAJE_FINAL.srcs/sources_1/new/DIGITAL.vhd
update_compile_order -fileset sources_1
set_property SOURCE_SET sources_1 [get_filesets sim_1]
close [ open D:/Datos/Universidad/4.Cuarto/SED/LAB/TRABAJOFINAL_VHDL/PEAJE_FINAL/PEAJE_FINAL.srcs/sim_1/new/TB_DIGITAL.vhd w ]
add_files -fileset sim_1 D:/Datos/Universidad/4.Cuarto/SED/LAB/TRABAJOFINAL_VHDL/PEAJE_FINAL/PEAJE_FINAL.srcs/sim_1/new/TB_DIGITAL.vhd
update_compile_order -fileset sim_1
WARNING: [filemgmt 56-199] Attempt to get parsing info during refresh. "On-the-fly" syntax checking information may be incorrect. [D:\Datos\Universidad\4.Cuarto\SED\LAB\TRABAJOFINAL_VHDL\PEAJE_FINAL\PEAJE_FINAL.srcs\sources_1\new\DIGITAL.vhd:]
WARNING: [filemgmt 56-199] Attempt to get parsing info during refresh. "On-the-fly" syntax checking information may be incorrect. [D:\Datos\Universidad\4.Cuarto\SED\LAB\TRABAJOFINAL_VHDL\PEAJE_FINAL\PEAJE_FINAL.srcs\sim_1\new\TB_DIGITAL.vhd:]
WARNING: [filemgmt 56-199] Attempt to get parsing info during refresh. "On-the-fly" syntax checking information may be incorrect. [D:\Datos\Universidad\4.Cuarto\SED\LAB\TRABAJOFINAL_VHDL\PEAJE_FINAL\PEAJE_FINAL.srcs\sim_1\new\TB_DIGITAL.vhd:]
WARNING: [filemgmt 56-199] Attempt to get parsing info during refresh. "On-the-fly" syntax checking information may be incorrect. [D:\Datos\Universidad\4.Cuarto\SED\LAB\TRABAJOFINAL_VHDL\PEAJE_FINAL\PEAJE_FINAL.srcs\sim_1\new\TB_DIGITAL.vhd:]
ERROR: [Common 17-180] Spawn failed: No error
WARNING: [filemgmt 56-199] Attempt to get parsing info during refresh. "On-the-fly" syntax checking information may be incorrect. [D:\Datos\Universidad\4.Cuarto\SED\LAB\TRABAJOFINAL_VHDL\PEAJE_FINAL\PEAJE_FINAL.srcs\sources_1\new\DIGITAL.vhd:]
WARNING: [filemgmt 56-199] Attempt to get parsing info during refresh. "On-the-fly" syntax checking information may be incorrect. [D:\Datos\Universidad\4.Cuarto\SED\LAB\TRABAJOFINAL_VHDL\PEAJE_FINAL\PEAJE_FINAL.srcs\sources_1\new\TOP.vhd:]
WARNING: [filemgmt 56-199] Attempt to get parsing info during refresh. "On-the-fly" syntax checking information may be incorrect. [D:\Datos\Universidad\4.Cuarto\SED\LAB\TRABAJOFINAL_VHDL\PEAJE_FINAL\PEAJE_FINAL.srcs\sources_1\new\TOP.vhd:]
WARNING: [filemgmt 56-199] Attempt to get parsing info during refresh. "On-the-fly" syntax checking information may be incorrect. [D:\Datos\Universidad\4.Cuarto\SED\LAB\TRABAJOFINAL_VHDL\PEAJE_FINAL\PEAJE_FINAL.srcs\sources_1\new\TOP.vhd:]
ERROR: [Common 17-180] Spawn failed: No error
WARNING: [filemgmt 56-199] Attempt to get parsing info during refresh. "On-the-fly" syntax checking information may be incorrect. [D:\Datos\Universidad\4.Cuarto\SED\LAB\TRABAJOFINAL_VHDL\PEAJE_FINAL\PEAJE_FINAL.srcs\sources_1\new\DIGITAL.vhd:]
WARNING: [filemgmt 56-199] Attempt to get parsing info during refresh. "On-the-fly" syntax checking information may be incorrect. [D:\Datos\Universidad\4.Cuarto\SED\LAB\TRABAJOFINAL_VHDL\PEAJE_FINAL\PEAJE_FINAL.srcs\sources_1\new\TOP.vhd:]
WARNING: [filemgmt 56-199] Attempt to get parsing info during refresh. "On-the-fly" syntax checking information may be incorrect. [D:\Datos\Universidad\4.Cuarto\SED\LAB\TRABAJOFINAL_VHDL\PEAJE_FINAL\PEAJE_FINAL.srcs\sources_1\new\TOP.vhd:]
WARNING: [filemgmt 56-199] Attempt to get parsing info during refresh. "On-the-fly" syntax checking information may be incorrect. [D:\Datos\Universidad\4.Cuarto\SED\LAB\TRABAJOFINAL_VHDL\PEAJE_FINAL\PEAJE_FINAL.srcs\sources_1\new\TOP.vhd:]
ERROR: [Common 17-180] Spawn failed: No error
WARNING: [filemgmt 56-199] Attempt to get parsing info during refresh. "On-the-fly" syntax checking information may be incorrect. [D:\Datos\Universidad\4.Cuarto\SED\LAB\TRABAJOFINAL_VHDL\PEAJE_FINAL\PEAJE_FINAL.srcs\sources_1\new\DIGITAL.vhd:]
WARNING: [filemgmt 56-199] Attempt to get parsing info during refresh. "On-the-fly" syntax checking information may be incorrect. [D:\Datos\Universidad\4.Cuarto\SED\LAB\TRABAJOFINAL_VHDL\PEAJE_FINAL\PEAJE_FINAL.srcs\sources_1\new\COUNTER.vhd:]
WARNING: [filemgmt 56-199] Attempt to get parsing info during refresh. "On-the-fly" syntax checking information may be incorrect. [D:\Datos\Universidad\4.Cuarto\SED\LAB\TRABAJOFINAL_VHDL\PEAJE_FINAL\PEAJE_FINAL.srcs\sources_1\new\TOP.vhd:]
WARNING: [filemgmt 56-199] Attempt to get parsing info during refresh. "On-the-fly" syntax checking information may be incorrect. [D:\Datos\Universidad\4.Cuarto\SED\LAB\TRABAJOFINAL_VHDL\PEAJE_FINAL\PEAJE_FINAL.srcs\sources_1\new\TOP.vhd:]
WARNING: [filemgmt 56-199] Attempt to get parsing info during refresh. "On-the-fly" syntax checking information may be incorrect. [D:\Datos\Universidad\4.Cuarto\SED\LAB\TRABAJOFINAL_VHDL\PEAJE_FINAL\PEAJE_FINAL.srcs\sources_1\new\TOP.vhd:]
WARNING: [filemgmt 56-199] Attempt to get parsing info during refresh. "On-the-fly" syntax checking information may be incorrect. [D:\Datos\Universidad\4.Cuarto\SED\LAB\TRABAJOFINAL_VHDL\PEAJE_FINAL\PEAJE_FINAL.srcs\sources_1\new\DIGITAL.vhd:]
WARNING: [filemgmt 56-199] Attempt to get parsing info during refresh. "On-the-fly" syntax checking information may be incorrect. [D:\Datos\Universidad\4.Cuarto\SED\LAB\TRABAJOFINAL_VHDL\PEAJE_FINAL\PEAJE_FINAL.srcs\sources_1\new\COUNTER.vhd:]
WARNING: [filemgmt 56-199] Attempt to get parsing info during refresh. "On-the-fly" syntax checking information may be incorrect. [D:\Datos\Universidad\4.Cuarto\SED\LAB\TRABAJOFINAL_VHDL\PEAJE_FINAL\PEAJE_FINAL.srcs\sources_1\new\TOP.vhd:]
WARNING: [filemgmt 56-199] Attempt to get parsing info during refresh. "On-the-fly" syntax checking information may be incorrect. [D:\Datos\Universidad\4.Cuarto\SED\LAB\TRABAJOFINAL_VHDL\PEAJE_FINAL\PEAJE_FINAL.srcs\sources_1\new\COUNTER.vhd:]
WARNING: [filemgmt 56-199] Attempt to get parsing info during refresh. "On-the-fly" syntax checking information may be incorrect. [D:\Datos\Universidad\4.Cuarto\SED\LAB\TRABAJOFINAL_VHDL\PEAJE_FINAL\PEAJE_FINAL.srcs\sources_1\new\COUNTER.vhd:]
WARNING: [filemgmt 56-199] Attempt to get parsing info during refresh. "On-the-fly" syntax checking information may be incorrect. [D:\Datos\Universidad\4.Cuarto\SED\LAB\TRABAJOFINAL_VHDL\PEAJE_FINAL\PEAJE_FINAL.srcs\sources_1\new\DIGITAL.vhd:]
WARNING: [filemgmt 56-199] Attempt to get parsing info during refresh. "On-the-fly" syntax checking information may be incorrect. [D:\Datos\Universidad\4.Cuarto\SED\LAB\TRABAJOFINAL_VHDL\PEAJE_FINAL\PEAJE_FINAL.srcs\sources_1\new\COUNTER.vhd:]
WARNING: [filemgmt 56-199] Attempt to get parsing info during refresh. "On-the-fly" syntax checking information may be incorrect. [D:\Datos\Universidad\4.Cuarto\SED\LAB\TRABAJOFINAL_VHDL\PEAJE_FINAL\PEAJE_FINAL.srcs\sources_1\new\TOP.vhd:]
WARNING: [filemgmt 56-199] Attempt to get parsing info during refresh. "On-the-fly" syntax checking information may be incorrect. [D:\Datos\Universidad\4.Cuarto\SED\LAB\TRABAJOFINAL_VHDL\PEAJE_FINAL\PEAJE_FINAL.srcs\sources_1\new\TOP.vhd:]
WARNING: [filemgmt 56-199] Attempt to get parsing info during refresh. "On-the-fly" syntax checking information may be incorrect. [D:\Datos\Universidad\4.Cuarto\SED\LAB\TRABAJOFINAL_VHDL\PEAJE_FINAL\PEAJE_FINAL.srcs\sources_1\new\TOP.vhd:]
WARNING: [filemgmt 56-199] Attempt to get parsing info during refresh. "On-the-fly" syntax checking information may be incorrect. [D:\Datos\Universidad\4.Cuarto\SED\LAB\TRABAJOFINAL_VHDL\PEAJE_FINAL\PEAJE_FINAL.srcs\sources_1\new\DIGITAL.vhd:]
WARNING: [filemgmt 56-199] Attempt to get parsing info during refresh. "On-the-fly" syntax checking information may be incorrect. [D:\Datos\Universidad\4.Cuarto\SED\LAB\TRABAJOFINAL_VHDL\PEAJE_FINAL\PEAJE_FINAL.srcs\sources_1\new\COUNTER.vhd:]
WARNING: [filemgmt 56-199] Attempt to get parsing info during refresh. "On-the-fly" syntax checking information may be incorrect. [D:\Datos\Universidad\4.Cuarto\SED\LAB\TRABAJOFINAL_VHDL\PEAJE_FINAL\PEAJE_FINAL.srcs\sources_1\new\TOP.vhd:]
WARNING: [filemgmt 56-199] Attempt to get parsing info during refresh. "On-the-fly" syntax checking information may be incorrect. [D:\Datos\Universidad\4.Cuarto\SED\LAB\TRABAJOFINAL_VHDL\PEAJE_FINAL\PEAJE_FINAL.srcs\sources_1\new\COUNTER.vhd:]
WARNING: [filemgmt 56-199] Attempt to get parsing info during refresh. "On-the-fly" syntax checking information may be incorrect. [D:\Datos\Universidad\4.Cuarto\SED\LAB\TRABAJOFINAL_VHDL\PEAJE_FINAL\PEAJE_FINAL.srcs\sources_1\new\COUNTER.vhd:]
update_compile_order -fileset sources_1
WARNING: [filemgmt 56-199] Attempt to get parsing info during refresh. "On-the-fly" syntax checking information may be incorrect. [D:\Datos\Universidad\4.Cuarto\SED\LAB\TRABAJOFINAL_VHDL\PEAJE_FINAL\PEAJE_FINAL.srcs\sources_1\new\DIGITAL.vhd:]
WARNING: [filemgmt 56-199] Attempt to get parsing info during refresh. "On-the-fly" syntax checking information may be incorrect. [D:\Datos\Universidad\4.Cuarto\SED\LAB\TRABAJOFINAL_VHDL\PEAJE_FINAL\PEAJE_FINAL.srcs\sources_1\new\COUNTER.vhd:]
WARNING: [filemgmt 56-199] Attempt to get parsing info during refresh. "On-the-fly" syntax checking information may be incorrect. [D:\Datos\Universidad\4.Cuarto\SED\LAB\TRABAJOFINAL_VHDL\PEAJE_FINAL\PEAJE_FINAL.srcs\sources_1\new\TOP.vhd:]
WARNING: [filemgmt 56-199] Attempt to get parsing info during refresh. "On-the-fly" syntax checking information may be incorrect. [D:\Datos\Universidad\4.Cuarto\SED\LAB\TRABAJOFINAL_VHDL\PEAJE_FINAL\PEAJE_FINAL.srcs\sources_1\new\COUNTER.vhd:]
WARNING: [filemgmt 56-199] Attempt to get parsing info during refresh. "On-the-fly" syntax checking information may be incorrect. [D:\Datos\Universidad\4.Cuarto\SED\LAB\TRABAJOFINAL_VHDL\PEAJE_FINAL\PEAJE_FINAL.srcs\sources_1\new\COUNTER.vhd:]
launch_simulation
Command: launch_simulation 
INFO: [Vivado 12-12493] Simulation top is 'TOP'
WARNING: [Vivado 12-13340] Unable to auto find GCC executables from simulator install path! (path not set)
INFO: [Vivado 12-5682] Launching behavioral simulation in 'D:/Datos/Universidad/4.Cuarto/SED/LAB/TRABAJOFINAL_VHDL/PEAJE_FINAL/PEAJE_FINAL.sim/sim_1/behav/xsim'
INFO: [SIM-utils-51] Simulation object is 'sim_1'
INFO: [SIM-utils-72] Using boost library from 'C:/Xilinx/Vivado/2024.1/tps/boost_1_72_0'
INFO: [SIM-utils-54] Inspecting design source files for 'TOP' in fileset 'sim_1'...
INFO: [USF-XSim-97] Finding global include files...
INFO: [USF-XSim-98] Fetching design files from 'sim_1'...
INFO: [USF-XSim-2] XSim::Compile design
INFO: [USF-XSim-61] Executing 'COMPILE and ANALYZE' step in 'D:/Datos/Universidad/4.Cuarto/SED/LAB/TRABAJOFINAL_VHDL/PEAJE_FINAL/PEAJE_FINAL.sim/sim_1/behav/xsim'
"xvhdl --incr --relax -prj TOP_vhdl.prj"
INFO: [VRFC 10-163] Analyzing VHDL file "D:/Datos/Universidad/4.Cuarto/SED/LAB/TRABAJOFINAL_VHDL/PEAJE_FINAL/PEAJE_FINAL.srcs/sources_1/new/DIGITAL.vhd" into library xil_defaultlib
INFO: [VRFC 10-3107] analyzing entity 'DIGITAL'
INFO: [VRFC 10-163] Analyzing VHDL file "D:/Datos/Universidad/4.Cuarto/SED/LAB/TRABAJOFINAL_VHDL/PEAJE_FINAL/PEAJE_FINAL.srcs/sources_1/new/TOP.vhd" into library xil_defaultlib
INFO: [VRFC 10-3107] analyzing entity 'TOP'
INFO: [USF-XSim-69] 'compile' step finished in '5' seconds
INFO: [USF-XSim-3] XSim::Elaborate design
INFO: [USF-XSim-61] Executing 'ELABORATE' step in 'D:/Datos/Universidad/4.Cuarto/SED/LAB/TRABAJOFINAL_VHDL/PEAJE_FINAL/PEAJE_FINAL.sim/sim_1/behav/xsim'
"xelab --incr --debug typical --relax --mt 2 -L xil_defaultlib -L secureip --snapshot TOP_behav xil_defaultlib.TOP -log elaborate.log"
Vivado Simulator v2024.1
Copyright 1986-2022 Xilinx, Inc. All Rights Reserved.
Copyright 2022-2024 Advanced Micro Devices, Inc. All Rights Reserved.
Running: C:/Xilinx/Vivado/2024.1/bin/unwrapped/win64.o/xelab.exe --incr --debug typical --relax --mt 2 -L xil_defaultlib -L secureip --snapshot TOP_behav xil_defaultlib.TOP -log elaborate.log 
Using 2 slave threads.
Starting static elaboration
Completed static elaboration
Starting simulation data flow analysis
Completed simulation data flow analysis
Time Resolution for simulation is 1ps
Compiling package std.standard
Compiling package std.textio
Compiling package ieee.std_logic_1164
Compiling package ieee.numeric_std
Compiling architecture behavioral of entity xil_defaultlib.SYN [\SYN(n_monedas=3,n_vehiculos=3)\]
Compiling architecture behavioral of entity xil_defaultlib.EDGE [\EDGE(n_monedas=3,n_vehiculos=3)...]
Compiling architecture dataflow of entity xil_defaultlib.DIGITAL [\DIGITAL(n_monedas=3,n_vehiculos...]
Compiling architecture behavioral of entity xil_defaultlib.COUNTER [\COUNTER(size_cuenta=10)\]
Compiling architecture behavioral of entity xil_defaultlib.FSM [\FSM(n_monedas=3,n_vehiculos=3,n...]
Compiling architecture behavioral of entity xil_defaultlib.top
Built simulation snapshot TOP_behav
run_program: Time (s): cpu = 00:00:00 ; elapsed = 00:00:06 . Memory (MB): peak = 1535.344 ; gain = 0.000
INFO: [USF-XSim-69] 'elaborate' step finished in '6' seconds
INFO: [USF-XSim-4] XSim::Simulate design
INFO: [USF-XSim-61] Executing 'SIMULATE' step in 'D:/Datos/Universidad/4.Cuarto/SED/LAB/TRABAJOFINAL_VHDL/PEAJE_FINAL/PEAJE_FINAL.sim/sim_1/behav/xsim'
INFO: [USF-XSim-98] *** Running xsim
   with args "TOP_behav -key {Behavioral:sim_1:Functional:TOP} -tclbatch {TOP.tcl} -log {simulate.log}"
INFO: [USF-XSim-8] Loading simulator feature
Time resolution is 1 ps
source TOP.tcl
# set curr_wave [current_wave_config]
# if { [string length $curr_wave] == 0 } {
#   if { [llength [get_objects]] > 0} {
#     add_wave /
#     set_property needs_save false [current_wave_config]
#   } else {
#      send_msg_id Add_Wave-1 WARNING "No top level signals found. Simulator will start without a wave window. If you want to open a wave window go to 'File->New Waveform Configuration' or type 'create_wave_config' in the TCL console."
#   }
# }
# run 1000ns
xsim: Time (s): cpu = 00:00:13 ; elapsed = 00:00:06 . Memory (MB): peak = 1555.238 ; gain = 19.895
INFO: [USF-XSim-96] XSim completed. Design snapshot 'TOP_behav' loaded.
INFO: [USF-XSim-97] XSim simulation ran for 1000ns
launch_simulation: Time (s): cpu = 00:00:16 ; elapsed = 00:00:19 . Memory (MB): peak = 1555.238 ; gain = 19.895
synth_design -rtl -rtl_skip_mlo -name rtl_1
Command: synth_design -rtl -rtl_skip_mlo -name rtl_1
Starting synth_design
Using part: xc7a100tcsg324-1
Top: TOP
INFO: [Device 21-403] Loading part xc7a100tcsg324-1
INFO: [Device 21-9227] Part: xc7a100tcsg324-1 does not have CEAM library.
INFO: [Synth 8-7079] Multithreading enabled for synth_design using a maximum of 2 processes.
INFO: [Synth 8-7078] Launching helper process for spawning children vivado processes
INFO: [Synth 8-7075] Helper process launched with PID 13296
---------------------------------------------------------------------------------
Starting RTL Elaboration : Time (s): cpu = 00:00:14 ; elapsed = 00:00:13 . Memory (MB): peak = 2387.297 ; gain = 440.938
---------------------------------------------------------------------------------
INFO: [Synth 8-638] synthesizing module 'TOP' [D:/Datos/Universidad/4.Cuarto/SED/LAB/TRABAJOFINAL_VHDL/PEAJE_FINAL/PEAJE_FINAL.srcs/sources_1/new/TOP.vhd:34]
	Parameter N_MONEDAS bound to: 3 - type: integer 
	Parameter N_VEHICULOS bound to: 3 - type: integer 
INFO: [Synth 8-3491] module 'SYN' declared at 'D:/Datos/Universidad/4.Cuarto/SED/LAB/TRABAJOFINAL_VHDL/PEAJE_FINAL/PEAJE_FINAL.srcs/sources_1/new/SYN.vhd:4' bound to instance 'Inst_sync' of component 'syn' [D:/Datos/Universidad/4.Cuarto/SED/LAB/TRABAJOFINAL_VHDL/PEAJE_FINAL/PEAJE_FINAL.srcs/sources_1/new/TOP.vhd:141]
INFO: [Synth 8-638] synthesizing module 'SYN' [D:/Datos/Universidad/4.Cuarto/SED/LAB/TRABAJOFINAL_VHDL/PEAJE_FINAL/PEAJE_FINAL.srcs/sources_1/new/SYN.vhd:18]
	Parameter N_MONEDAS bound to: 3 - type: integer 
	Parameter N_VEHICULOS bound to: 3 - type: integer 
INFO: [Synth 8-256] done synthesizing module 'SYN' (0#1) [D:/Datos/Universidad/4.Cuarto/SED/LAB/TRABAJOFINAL_VHDL/PEAJE_FINAL/PEAJE_FINAL.srcs/sources_1/new/SYN.vhd:18]
	Parameter N_MONEDAS bound to: 3 - type: integer 
	Parameter N_VEHICULOS bound to: 3 - type: integer 
INFO: [Synth 8-3491] module 'EDGE' declared at 'D:/Datos/Universidad/4.Cuarto/SED/LAB/TRABAJOFINAL_VHDL/PEAJE_FINAL/PEAJE_FINAL.srcs/sources_1/new/EDGE.vhd:4' bound to instance 'Inst_edge' of component 'edge' [D:/Datos/Universidad/4.Cuarto/SED/LAB/TRABAJOFINAL_VHDL/PEAJE_FINAL/PEAJE_FINAL.srcs/sources_1/new/TOP.vhd:154]
INFO: [Synth 8-638] synthesizing module 'EDGE' [D:/Datos/Universidad/4.Cuarto/SED/LAB/TRABAJOFINAL_VHDL/PEAJE_FINAL/PEAJE_FINAL.srcs/sources_1/new/EDGE.vhd:18]
	Parameter N_MONEDAS bound to: 3 - type: integer 
	Parameter N_VEHICULOS bound to: 3 - type: integer 
INFO: [Synth 8-256] done synthesizing module 'EDGE' (0#1) [D:/Datos/Universidad/4.Cuarto/SED/LAB/TRABAJOFINAL_VHDL/PEAJE_FINAL/PEAJE_FINAL.srcs/sources_1/new/EDGE.vhd:18]
	Parameter N_MONEDAS bound to: 3 - type: integer 
	Parameter N_VEHICULOS bound to: 3 - type: integer 
	Parameter DISPLAYS bound to: 8 - type: integer 
	Parameter SEGMENTOS bound to: 8 - type: integer 
INFO: [Synth 8-3491] module 'DIGITAL' declared at 'D:/Datos/Universidad/4.Cuarto/SED/LAB/TRABAJOFINAL_VHDL/PEAJE_FINAL/PEAJE_FINAL.srcs/sources_1/new/DIGITAL.vhd:5' bound to instance 'Inst_Dig' of component 'DIGITAL' [D:/Datos/Universidad/4.Cuarto/SED/LAB/TRABAJOFINAL_VHDL/PEAJE_FINAL/PEAJE_FINAL.srcs/sources_1/new/TOP.vhd:166]
INFO: [Synth 8-638] synthesizing module 'DIGITAL' [D:/Datos/Universidad/4.Cuarto/SED/LAB/TRABAJOFINAL_VHDL/PEAJE_FINAL/PEAJE_FINAL.srcs/sources_1/new/DIGITAL.vhd:21]
	Parameter N_MONEDAS bound to: 3 - type: integer 
	Parameter N_VEHICULOS bound to: 3 - type: integer 
	Parameter DISPLAYS bound to: 8 - type: integer 
	Parameter SEGMENTOS bound to: 8 - type: integer 
INFO: [Synth 8-256] done synthesizing module 'DIGITAL' (0#1) [D:/Datos/Universidad/4.Cuarto/SED/LAB/TRABAJOFINAL_VHDL/PEAJE_FINAL/PEAJE_FINAL.srcs/sources_1/new/DIGITAL.vhd:21]
	Parameter N_MONEDAS bound to: 3 - type: integer 
	Parameter N_VEHICULOS bound to: 3 - type: integer 
	Parameter SIZE_CUENTA bound to: 10 - type: integer 
INFO: [Synth 8-3491] module 'COUNTER' declared at 'D:/Datos/Universidad/4.Cuarto/SED/LAB/TRABAJOFINAL_VHDL/PEAJE_FINAL/PEAJE_FINAL.srcs/sources_1/new/COUNTER.vhd:5' bound to instance 'Inst_Cont' of component 'COUNTER' [D:/Datos/Universidad/4.Cuarto/SED/LAB/TRABAJOFINAL_VHDL/PEAJE_FINAL/PEAJE_FINAL.srcs/sources_1/new/TOP.vhd:181]
INFO: [Synth 8-638] synthesizing module 'COUNTER' [D:/Datos/Universidad/4.Cuarto/SED/LAB/TRABAJOFINAL_VHDL/PEAJE_FINAL/PEAJE_FINAL.srcs/sources_1/new/COUNTER.vhd:23]
	Parameter N_MONEDAS bound to: 3 - type: integer 
	Parameter N_VEHICULOS bound to: 3 - type: integer 
	Parameter SIZE_CUENTA bound to: 10 - type: integer 
INFO: [Synth 8-256] done synthesizing module 'COUNTER' (0#1) [D:/Datos/Universidad/4.Cuarto/SED/LAB/TRABAJOFINAL_VHDL/PEAJE_FINAL/PEAJE_FINAL.srcs/sources_1/new/COUNTER.vhd:23]
	Parameter N_MONEDAS bound to: 3 - type: integer 
	Parameter N_VEHICULOS bound to: 3 - type: integer 
	Parameter N_ESTADOS bound to: 5 - type: integer 
	Parameter DISPLAYS bound to: 8 - type: integer 
	Parameter SEGMENTOS bound to: 8 - type: integer 
	Parameter SIZE_CUENTA bound to: 10 - type: integer 
INFO: [Synth 8-3491] module 'FSM' declared at 'D:/Datos/Universidad/4.Cuarto/SED/LAB/TRABAJOFINAL_VHDL/PEAJE_FINAL/PEAJE_FINAL.srcs/sources_1/new/FSM.vhd:4' bound to instance 'Inst_FSM' of component 'FSM' [D:/Datos/Universidad/4.Cuarto/SED/LAB/TRABAJOFINAL_VHDL/PEAJE_FINAL/PEAJE_FINAL.srcs/sources_1/new/TOP.vhd:199]
INFO: [Synth 8-638] synthesizing module 'FSM' [D:/Datos/Universidad/4.Cuarto/SED/LAB/TRABAJOFINAL_VHDL/PEAJE_FINAL/PEAJE_FINAL.srcs/sources_1/new/FSM.vhd:29]
	Parameter N_MONEDAS bound to: 3 - type: integer 
	Parameter N_VEHICULOS bound to: 3 - type: integer 
	Parameter N_ESTADOS bound to: 5 - type: integer 
	Parameter DISPLAYS bound to: 8 - type: integer 
	Parameter SEGMENTOS bound to: 8 - type: integer 
	Parameter SIZE_CUENTA bound to: 10 - type: integer 
WARNING: [Synth 8-614] signal 'DETECTOR' is read in the process but is not in the sensitivity list [D:/Datos/Universidad/4.Cuarto/SED/LAB/TRABAJOFINAL_VHDL/PEAJE_FINAL/PEAJE_FINAL.srcs/sources_1/new/FSM.vhd:55]
WARNING: [Synth 8-614] signal 'TIPO_VEHICULO' is read in the process but is not in the sensitivity list [D:/Datos/Universidad/4.Cuarto/SED/LAB/TRABAJOFINAL_VHDL/PEAJE_FINAL/PEAJE_FINAL.srcs/sources_1/new/FSM.vhd:55]
WARNING: [Synth 8-614] signal 'PAGO_OK' is read in the process but is not in the sensitivity list [D:/Datos/Universidad/4.Cuarto/SED/LAB/TRABAJOFINAL_VHDL/PEAJE_FINAL/PEAJE_FINAL.srcs/sources_1/new/FSM.vhd:55]
WARNING: [Synth 8-614] signal 'DETECTOR_OUT' is read in the process but is not in the sensitivity list [D:/Datos/Universidad/4.Cuarto/SED/LAB/TRABAJOFINAL_VHDL/PEAJE_FINAL/PEAJE_FINAL.srcs/sources_1/new/FSM.vhd:55]
WARNING: [Synth 8-614] signal 'DETECTOR_SALIDA' is read in the process but is not in the sensitivity list [D:/Datos/Universidad/4.Cuarto/SED/LAB/TRABAJOFINAL_VHDL/PEAJE_FINAL/PEAJE_FINAL.srcs/sources_1/new/FSM.vhd:55]
WARNING: [Synth 8-614] signal 'CHANGE' is read in the process but is not in the sensitivity list [D:/Datos/Universidad/4.Cuarto/SED/LAB/TRABAJOFINAL_VHDL/PEAJE_FINAL/PEAJE_FINAL.srcs/sources_1/new/FSM.vhd:85]
INFO: [Synth 8-256] done synthesizing module 'FSM' (0#1) [D:/Datos/Universidad/4.Cuarto/SED/LAB/TRABAJOFINAL_VHDL/PEAJE_FINAL/PEAJE_FINAL.srcs/sources_1/new/FSM.vhd:29]
INFO: [Synth 8-256] done synthesizing module 'TOP' (0#1) [D:/Datos/Universidad/4.Cuarto/SED/LAB/TRABAJOFINAL_VHDL/PEAJE_FINAL/PEAJE_FINAL.srcs/sources_1/new/TOP.vhd:34]
WARNING: [Synth 8-6014] Unused sequential element enable_reg was removed.  [D:/Datos/Universidad/4.Cuarto/SED/LAB/TRABAJOFINAL_VHDL/PEAJE_FINAL/PEAJE_FINAL.srcs/sources_1/new/FSM.vhd:45]
---------------------------------------------------------------------------------
Finished RTL Elaboration : Time (s): cpu = 00:00:18 ; elapsed = 00:00:17 . Memory (MB): peak = 2504.539 ; gain = 558.180
---------------------------------------------------------------------------------
---------------------------------------------------------------------------------
Start Handling Custom Attributes
---------------------------------------------------------------------------------
---------------------------------------------------------------------------------
Finished Handling Custom Attributes : Time (s): cpu = 00:00:18 ; elapsed = 00:00:17 . Memory (MB): peak = 2504.539 ; gain = 558.180
---------------------------------------------------------------------------------
---------------------------------------------------------------------------------
Finished RTL Optimization Phase 1 : Time (s): cpu = 00:00:18 ; elapsed = 00:00:17 . Memory (MB): peak = 2504.539 ; gain = 558.180
---------------------------------------------------------------------------------
Netlist sorting complete. Time (s): cpu = 00:00:00 ; elapsed = 00:00:00.020 . Memory (MB): peak = 2504.539 ; gain = 0.000
INFO: [Project 1-570] Preparing netlist for logic optimization

Processing XDC Constraints
Initializing timing engine
Parsing XDC File [D:/Datos/Universidad/4.Cuarto/SED/LAB/TRABAJOFINAL_VHDL/PEAJE_FINAL/PEAJE_FINAL.srcs/constrs_1/imports/TRABAJOFINAL_VHDL/Nexys-4-DDR-Master.xdc]
Finished Parsing XDC File [D:/Datos/Universidad/4.Cuarto/SED/LAB/TRABAJOFINAL_VHDL/PEAJE_FINAL/PEAJE_FINAL.srcs/constrs_1/imports/TRABAJOFINAL_VHDL/Nexys-4-DDR-Master.xdc]
Completed Processing XDC Constraints

Netlist sorting complete. Time (s): cpu = 00:00:00 ; elapsed = 00:00:00 . Memory (MB): peak = 2599.043 ; gain = 0.000
INFO: [Project 1-111] Unisim Transformation Summary:
No Unisim elements were transformed.

RTL Elaboration Complete:  : Time (s): cpu = 00:00:38 ; elapsed = 00:00:26 . Memory (MB): peak = 2619.320 ; gain = 672.961
24 Infos, 7 Warnings, 0 Critical Warnings and 0 Errors encountered.
synth_design completed successfully
synth_design: Time (s): cpu = 00:00:45 ; elapsed = 00:00:36 . Memory (MB): peak = 2619.320 ; gain = 1064.082
set_property SOURCE_SET sources_1 [get_filesets sim_1]
close [ open D:/Datos/Universidad/4.Cuarto/SED/LAB/TRABAJOFINAL_VHDL/PEAJE_FINAL/PEAJE_FINAL.srcs/sim_1/new/TB_TOP.vhd w ]
add_files -fileset sim_1 D:/Datos/Universidad/4.Cuarto/SED/LAB/TRABAJOFINAL_VHDL/PEAJE_FINAL/PEAJE_FINAL.srcs/sim_1/new/TB_TOP.vhd
WARNING: [filemgmt 56-199] Attempt to get parsing info during refresh. "On-the-fly" syntax checking information may be incorrect. [D:\Datos\Universidad\4.Cuarto\SED\LAB\TRABAJOFINAL_VHDL\PEAJE_FINAL\PEAJE_FINAL.srcs\sources_1\new\DIGITAL.vhd:]
WARNING: [filemgmt 56-199] Attempt to get parsing info during refresh. "On-the-fly" syntax checking information may be incorrect. [D:\Datos\Universidad\4.Cuarto\SED\LAB\TRABAJOFINAL_VHDL\PEAJE_FINAL\PEAJE_FINAL.srcs\sources_1\new\COUNTER.vhd:]
WARNING: [filemgmt 56-199] Attempt to get parsing info during refresh. "On-the-fly" syntax checking information may be incorrect. [D:\Datos\Universidad\4.Cuarto\SED\LAB\TRABAJOFINAL_VHDL\PEAJE_FINAL\PEAJE_FINAL.srcs\sources_1\new\TOP.vhd:]
WARNING: [filemgmt 56-199] Attempt to get parsing info during refresh. "On-the-fly" syntax checking information may be incorrect. [D:\Datos\Universidad\4.Cuarto\SED\LAB\TRABAJOFINAL_VHDL\PEAJE_FINAL\PEAJE_FINAL.srcs\sources_1\new\TOP.vhd:]
WARNING: [filemgmt 56-199] Attempt to get parsing info during refresh. "On-the-fly" syntax checking information may be incorrect. [D:\Datos\Universidad\4.Cuarto\SED\LAB\TRABAJOFINAL_VHDL\PEAJE_FINAL\PEAJE_FINAL.srcs\sources_1\new\TOP.vhd:]
WARNING: [filemgmt 56-199] Attempt to get parsing info during refresh. "On-the-fly" syntax checking information may be incorrect. [D:\Datos\Universidad\4.Cuarto\SED\LAB\TRABAJOFINAL_VHDL\PEAJE_FINAL\PEAJE_FINAL.srcs\sources_1\new\DIGITAL.vhd:]
WARNING: [filemgmt 56-199] Attempt to get parsing info during refresh. "On-the-fly" syntax checking information may be incorrect. [D:\Datos\Universidad\4.Cuarto\SED\LAB\TRABAJOFINAL_VHDL\PEAJE_FINAL\PEAJE_FINAL.srcs\sources_1\new\COUNTER.vhd:]
WARNING: [filemgmt 56-199] Attempt to get parsing info during refresh. "On-the-fly" syntax checking information may be incorrect. [D:\Datos\Universidad\4.Cuarto\SED\LAB\TRABAJOFINAL_VHDL\PEAJE_FINAL\PEAJE_FINAL.srcs\sources_1\new\TOP.vhd:]
WARNING: [filemgmt 56-199] Attempt to get parsing info during refresh. "On-the-fly" syntax checking information may be incorrect. [D:\Datos\Universidad\4.Cuarto\SED\LAB\TRABAJOFINAL_VHDL\PEAJE_FINAL\PEAJE_FINAL.srcs\sources_1\new\DIGITAL.vhd:]
WARNING: [filemgmt 56-199] Attempt to get parsing info during refresh. "On-the-fly" syntax checking information may be incorrect. [D:\Datos\Universidad\4.Cuarto\SED\LAB\TRABAJOFINAL_VHDL\PEAJE_FINAL\PEAJE_FINAL.srcs\sources_1\new\DIGITAL.vhd:]
WARNING: [filemgmt 56-199] Attempt to get parsing info during refresh. "On-the-fly" syntax checking information may be incorrect. [D:\Datos\Universidad\4.Cuarto\SED\LAB\TRABAJOFINAL_VHDL\PEAJE_FINAL\PEAJE_FINAL.srcs\sources_1\new\DIGITAL.vhd:]
WARNING: [filemgmt 56-199] Attempt to get parsing info during refresh. "On-the-fly" syntax checking information may be incorrect. [D:\Datos\Universidad\4.Cuarto\SED\LAB\TRABAJOFINAL_VHDL\PEAJE_FINAL\PEAJE_FINAL.srcs\sources_1\new\COUNTER.vhd:]
WARNING: [filemgmt 56-199] Attempt to get parsing info during refresh. "On-the-fly" syntax checking information may be incorrect. [D:\Datos\Universidad\4.Cuarto\SED\LAB\TRABAJOFINAL_VHDL\PEAJE_FINAL\PEAJE_FINAL.srcs\sources_1\new\TOP.vhd:]
WARNING: [filemgmt 56-199] Attempt to get parsing info during refresh. "On-the-fly" syntax checking information may be incorrect. [D:\Datos\Universidad\4.Cuarto\SED\LAB\TRABAJOFINAL_VHDL\PEAJE_FINAL\PEAJE_FINAL.srcs\sources_1\new\TOP.vhd:]
WARNING: [filemgmt 56-199] Attempt to get parsing info during refresh. "On-the-fly" syntax checking information may be incorrect. [D:\Datos\Universidad\4.Cuarto\SED\LAB\TRABAJOFINAL_VHDL\PEAJE_FINAL\PEAJE_FINAL.srcs\sources_1\new\TOP.vhd:]
update_compile_order -fileset sim_1
WARNING: [filemgmt 56-199] Attempt to get parsing info during refresh. "On-the-fly" syntax checking information may be incorrect. [D:\Datos\Universidad\4.Cuarto\SED\LAB\TRABAJOFINAL_VHDL\PEAJE_FINAL\PEAJE_FINAL.srcs\sources_1\new\DIGITAL.vhd:]
WARNING: [filemgmt 56-199] Attempt to get parsing info during refresh. "On-the-fly" syntax checking information may be incorrect. [D:\Datos\Universidad\4.Cuarto\SED\LAB\TRABAJOFINAL_VHDL\PEAJE_FINAL\PEAJE_FINAL.srcs\sources_1\new\COUNTER.vhd:]
WARNING: [filemgmt 56-199] Attempt to get parsing info during refresh. "On-the-fly" syntax checking information may be incorrect. [D:\Datos\Universidad\4.Cuarto\SED\LAB\TRABAJOFINAL_VHDL\PEAJE_FINAL\PEAJE_FINAL.srcs\sources_1\new\TOP.vhd:]
WARNING: [filemgmt 56-199] Attempt to get parsing info during refresh. "On-the-fly" syntax checking information may be incorrect. [D:\Datos\Universidad\4.Cuarto\SED\LAB\TRABAJOFINAL_VHDL\PEAJE_FINAL\PEAJE_FINAL.srcs\sources_1\new\TOP.vhd:]
WARNING: [filemgmt 56-199] Attempt to get parsing info during refresh. "On-the-fly" syntax checking information may be incorrect. [D:\Datos\Universidad\4.Cuarto\SED\LAB\TRABAJOFINAL_VHDL\PEAJE_FINAL\PEAJE_FINAL.srcs\sources_1\new\TOP.vhd:]
WARNING: [filemgmt 56-199] Attempt to get parsing info during refresh. "On-the-fly" syntax checking information may be incorrect. [D:\Datos\Universidad\4.Cuarto\SED\LAB\TRABAJOFINAL_VHDL\PEAJE_FINAL\PEAJE_FINAL.srcs\sources_1\new\DIGITAL.vhd:]
WARNING: [filemgmt 56-199] Attempt to get parsing info during refresh. "On-the-fly" syntax checking information may be incorrect. [D:\Datos\Universidad\4.Cuarto\SED\LAB\TRABAJOFINAL_VHDL\PEAJE_FINAL\PEAJE_FINAL.srcs\sources_1\new\COUNTER.vhd:]
WARNING: [filemgmt 56-199] Attempt to get parsing info during refresh. "On-the-fly" syntax checking information may be incorrect. [D:\Datos\Universidad\4.Cuarto\SED\LAB\TRABAJOFINAL_VHDL\PEAJE_FINAL\PEAJE_FINAL.srcs\sources_1\new\DIGITAL.vhd:]
WARNING: [filemgmt 56-199] Attempt to get parsing info during refresh. "On-the-fly" syntax checking information may be incorrect. [D:\Datos\Universidad\4.Cuarto\SED\LAB\TRABAJOFINAL_VHDL\PEAJE_FINAL\PEAJE_FINAL.srcs\sources_1\new\COUNTER.vhd:]
WARNING: [filemgmt 56-199] Attempt to get parsing info during refresh. "On-the-fly" syntax checking information may be incorrect. [D:\Datos\Universidad\4.Cuarto\SED\LAB\TRABAJOFINAL_VHDL\PEAJE_FINAL\PEAJE_FINAL.srcs\sim_1\new\TB_TOP.vhd:]
WARNING: [filemgmt 56-199] Attempt to get parsing info during refresh. "On-the-fly" syntax checking information may be incorrect. [D:\Datos\Universidad\4.Cuarto\SED\LAB\TRABAJOFINAL_VHDL\PEAJE_FINAL\PEAJE_FINAL.srcs\sources_1\new\TOP.vhd:]
WARNING: [filemgmt 56-199] Attempt to get parsing info during refresh. "On-the-fly" syntax checking information may be incorrect. [D:\Datos\Universidad\4.Cuarto\SED\LAB\TRABAJOFINAL_VHDL\PEAJE_FINAL\PEAJE_FINAL.srcs\sources_1\new\TOP.vhd:]
WARNING: [filemgmt 56-199] Attempt to get parsing info during refresh. "On-the-fly" syntax checking information may be incorrect. [D:\Datos\Universidad\4.Cuarto\SED\LAB\TRABAJOFINAL_VHDL\PEAJE_FINAL\PEAJE_FINAL.srcs\sources_1\new\TOP.vhd:]
WARNING: [filemgmt 56-199] Attempt to get parsing info during refresh. "On-the-fly" syntax checking information may be incorrect. [D:\Datos\Universidad\4.Cuarto\SED\LAB\TRABAJOFINAL_VHDL\PEAJE_FINAL\PEAJE_FINAL.srcs\sources_1\new\DIGITAL.vhd:]
WARNING: [filemgmt 56-199] Attempt to get parsing info during refresh. "On-the-fly" syntax checking information may be incorrect. [D:\Datos\Universidad\4.Cuarto\SED\LAB\TRABAJOFINAL_VHDL\PEAJE_FINAL\PEAJE_FINAL.srcs\sources_1\new\COUNTER.vhd:]
WARNING: [filemgmt 56-199] Attempt to get parsing info during refresh. "On-the-fly" syntax checking information may be incorrect. [D:\Datos\Universidad\4.Cuarto\SED\LAB\TRABAJOFINAL_VHDL\PEAJE_FINAL\PEAJE_FINAL.srcs\sim_1\new\TB_TOP.vhd:]
WARNING: [filemgmt 56-199] Attempt to get parsing info during refresh. "On-the-fly" syntax checking information may be incorrect. [D:\Datos\Universidad\4.Cuarto\SED\LAB\TRABAJOFINAL_VHDL\PEAJE_FINAL\PEAJE_FINAL.srcs\sources_1\new\TOP.vhd:]
WARNING: [filemgmt 56-199] Attempt to get parsing info during refresh. "On-the-fly" syntax checking information may be incorrect. [D:\Datos\Universidad\4.Cuarto\SED\LAB\TRABAJOFINAL_VHDL\PEAJE_FINAL\PEAJE_FINAL.srcs\sim_1\new\TB_TOP.vhd:]
WARNING: [filemgmt 56-199] Attempt to get parsing info during refresh. "On-the-fly" syntax checking information may be incorrect. [D:\Datos\Universidad\4.Cuarto\SED\LAB\TRABAJOFINAL_VHDL\PEAJE_FINAL\PEAJE_FINAL.srcs\sim_1\new\TB_TOP.vhd:]
ERROR: [Common 17-180] Spawn failed: No error
WARNING: [filemgmt 56-199] Attempt to get parsing info during refresh. "On-the-fly" syntax checking information may be incorrect. [D:\Datos\Universidad\4.Cuarto\SED\LAB\TRABAJOFINAL_VHDL\PEAJE_FINAL\PEAJE_FINAL.srcs\sources_1\new\DIGITAL.vhd:]
WARNING: [filemgmt 56-199] Attempt to get parsing info during refresh. "On-the-fly" syntax checking information may be incorrect. [D:\Datos\Universidad\4.Cuarto\SED\LAB\TRABAJOFINAL_VHDL\PEAJE_FINAL\PEAJE_FINAL.srcs\sources_1\new\COUNTER.vhd:]
WARNING: [filemgmt 56-199] Attempt to get parsing info during refresh. "On-the-fly" syntax checking information may be incorrect. [D:\Datos\Universidad\4.Cuarto\SED\LAB\TRABAJOFINAL_VHDL\PEAJE_FINAL\PEAJE_FINAL.srcs\sim_1\new\TB_TOP.vhd:]
WARNING: [filemgmt 56-199] Attempt to get parsing info during refresh. "On-the-fly" syntax checking information may be incorrect. [D:\Datos\Universidad\4.Cuarto\SED\LAB\TRABAJOFINAL_VHDL\PEAJE_FINAL\PEAJE_FINAL.srcs\sources_1\new\TOP.vhd:]
WARNING: [filemgmt 56-199] Attempt to get parsing info during refresh. "On-the-fly" syntax checking information may be incorrect. [D:\Datos\Universidad\4.Cuarto\SED\LAB\TRABAJOFINAL_VHDL\PEAJE_FINAL\PEAJE_FINAL.srcs\sources_1\new\DIGITAL.vhd:]
WARNING: [filemgmt 56-199] Attempt to get parsing info during refresh. "On-the-fly" syntax checking information may be incorrect. [D:\Datos\Universidad\4.Cuarto\SED\LAB\TRABAJOFINAL_VHDL\PEAJE_FINAL\PEAJE_FINAL.srcs\sources_1\new\DIGITAL.vhd:]
ERROR: [Common 17-180] Spawn failed: No error
WARNING: [filemgmt 56-199] Attempt to get parsing info during refresh. "On-the-fly" syntax checking information may be incorrect. [D:\Datos\Universidad\4.Cuarto\SED\LAB\TRABAJOFINAL_VHDL\PEAJE_FINAL\PEAJE_FINAL.srcs\sources_1\new\DIGITAL.vhd:]
WARNING: [filemgmt 56-199] Attempt to get parsing info during refresh. "On-the-fly" syntax checking information may be incorrect. [D:\Datos\Universidad\4.Cuarto\SED\LAB\TRABAJOFINAL_VHDL\PEAJE_FINAL\PEAJE_FINAL.srcs\sources_1\new\COUNTER.vhd:]
WARNING: [filemgmt 56-199] Attempt to get parsing info during refresh. "On-the-fly" syntax checking information may be incorrect. [D:\Datos\Universidad\4.Cuarto\SED\LAB\TRABAJOFINAL_VHDL\PEAJE_FINAL\PEAJE_FINAL.srcs\sim_1\new\TB_TOP.vhd:]
WARNING: [filemgmt 56-199] Attempt to get parsing info during refresh. "On-the-fly" syntax checking information may be incorrect. [D:\Datos\Universidad\4.Cuarto\SED\LAB\TRABAJOFINAL_VHDL\PEAJE_FINAL\PEAJE_FINAL.srcs\sources_1\new\TOP.vhd:]
WARNING: [filemgmt 56-199] Attempt to get parsing info during refresh. "On-the-fly" syntax checking information may be incorrect. [D:\Datos\Universidad\4.Cuarto\SED\LAB\TRABAJOFINAL_VHDL\PEAJE_FINAL\PEAJE_FINAL.srcs\sim_1\new\TB_DIGITAL.vhd:]
WARNING: [filemgmt 56-199] Attempt to get parsing info during refresh. "On-the-fly" syntax checking information may be incorrect. [D:\Datos\Universidad\4.Cuarto\SED\LAB\TRABAJOFINAL_VHDL\PEAJE_FINAL\PEAJE_FINAL.srcs\sources_1\new\TOP.vhd:]
WARNING: [filemgmt 56-199] Attempt to get parsing info during refresh. "On-the-fly" syntax checking information may be incorrect. [D:\Datos\Universidad\4.Cuarto\SED\LAB\TRABAJOFINAL_VHDL\PEAJE_FINAL\PEAJE_FINAL.srcs\sources_1\new\TOP.vhd:]
WARNING: [filemgmt 56-199] Attempt to get parsing info during refresh. "On-the-fly" syntax checking information may be incorrect. [D:\Datos\Universidad\4.Cuarto\SED\LAB\TRABAJOFINAL_VHDL\PEAJE_FINAL\PEAJE_FINAL.srcs\sources_1\new\DIGITAL.vhd:]
WARNING: [filemgmt 56-199] Attempt to get parsing info during refresh. "On-the-fly" syntax checking information may be incorrect. [D:\Datos\Universidad\4.Cuarto\SED\LAB\TRABAJOFINAL_VHDL\PEAJE_FINAL\PEAJE_FINAL.srcs\sources_1\new\COUNTER.vhd:]
WARNING: [filemgmt 56-199] Attempt to get parsing info during refresh. "On-the-fly" syntax checking information may be incorrect. [D:\Datos\Universidad\4.Cuarto\SED\LAB\TRABAJOFINAL_VHDL\PEAJE_FINAL\PEAJE_FINAL.srcs\sim_1\new\TB_TOP.vhd:]
WARNING: [filemgmt 56-199] Attempt to get parsing info during refresh. "On-the-fly" syntax checking information may be incorrect. [D:\Datos\Universidad\4.Cuarto\SED\LAB\TRABAJOFINAL_VHDL\PEAJE_FINAL\PEAJE_FINAL.srcs\sources_1\new\TOP.vhd:]
WARNING: [filemgmt 56-199] Attempt to get parsing info during refresh. "On-the-fly" syntax checking information may be incorrect. [D:\Datos\Universidad\4.Cuarto\SED\LAB\TRABAJOFINAL_VHDL\PEAJE_FINAL\PEAJE_FINAL.srcs\sim_1\new\TB_DIGITAL.vhd:]
WARNING: [filemgmt 56-199] Attempt to get parsing info during refresh. "On-the-fly" syntax checking information may be incorrect. [D:\Datos\Universidad\4.Cuarto\SED\LAB\TRABAJOFINAL_VHDL\PEAJE_FINAL\PEAJE_FINAL.srcs\sim_1\new\TB_TOP.vhd:]
WARNING: [filemgmt 56-199] Attempt to get parsing info during refresh. "On-the-fly" syntax checking information may be incorrect. [D:\Datos\Universidad\4.Cuarto\SED\LAB\TRABAJOFINAL_VHDL\PEAJE_FINAL\PEAJE_FINAL.srcs\sim_1\new\TB_TOP.vhd:]
WARNING: [filemgmt 56-199] Attempt to get parsing info during refresh. "On-the-fly" syntax checking information may be incorrect. [D:\Datos\Universidad\4.Cuarto\SED\LAB\TRABAJOFINAL_VHDL\PEAJE_FINAL\PEAJE_FINAL.srcs\sources_1\new\DIGITAL.vhd:]
WARNING: [filemgmt 56-199] Attempt to get parsing info during refresh. "On-the-fly" syntax checking information may be incorrect. [D:\Datos\Universidad\4.Cuarto\SED\LAB\TRABAJOFINAL_VHDL\PEAJE_FINAL\PEAJE_FINAL.srcs\sources_1\new\COUNTER.vhd:]
WARNING: [filemgmt 56-199] Attempt to get parsing info during refresh. "On-the-fly" syntax checking information may be incorrect. [D:\Datos\Universidad\4.Cuarto\SED\LAB\TRABAJOFINAL_VHDL\PEAJE_FINAL\PEAJE_FINAL.srcs\sim_1\new\TB_TOP.vhd:]
WARNING: [filemgmt 56-199] Attempt to get parsing info during refresh. "On-the-fly" syntax checking information may be incorrect. [D:\Datos\Universidad\4.Cuarto\SED\LAB\TRABAJOFINAL_VHDL\PEAJE_FINAL\PEAJE_FINAL.srcs\sources_1\new\TOP.vhd:]
WARNING: [filemgmt 56-199] Attempt to get parsing info during refresh. "On-the-fly" syntax checking information may be incorrect. [D:\Datos\Universidad\4.Cuarto\SED\LAB\TRABAJOFINAL_VHDL\PEAJE_FINAL\PEAJE_FINAL.srcs\sim_1\new\TB_DIGITAL.vhd:]
WARNING: [filemgmt 56-199] Attempt to get parsing info during refresh. "On-the-fly" syntax checking information may be incorrect. [D:\Datos\Universidad\4.Cuarto\SED\LAB\TRABAJOFINAL_VHDL\PEAJE_FINAL\PEAJE_FINAL.srcs\sources_1\new\COUNTER.vhd:]
WARNING: [filemgmt 56-199] Attempt to get parsing info during refresh. "On-the-fly" syntax checking information may be incorrect. [D:\Datos\Universidad\4.Cuarto\SED\LAB\TRABAJOFINAL_VHDL\PEAJE_FINAL\PEAJE_FINAL.srcs\sources_1\new\COUNTER.vhd:]
WARNING: [filemgmt 56-199] Attempt to get parsing info during refresh. "On-the-fly" syntax checking information may be incorrect. [D:\Datos\Universidad\4.Cuarto\SED\LAB\TRABAJOFINAL_VHDL\PEAJE_FINAL\PEAJE_FINAL.srcs\sources_1\new\DIGITAL.vhd:]
WARNING: [filemgmt 56-199] Attempt to get parsing info during refresh. "On-the-fly" syntax checking information may be incorrect. [D:\Datos\Universidad\4.Cuarto\SED\LAB\TRABAJOFINAL_VHDL\PEAJE_FINAL\PEAJE_FINAL.srcs\sources_1\new\COUNTER.vhd:]
WARNING: [filemgmt 56-199] Attempt to get parsing info during refresh. "On-the-fly" syntax checking information may be incorrect. [D:\Datos\Universidad\4.Cuarto\SED\LAB\TRABAJOFINAL_VHDL\PEAJE_FINAL\PEAJE_FINAL.srcs\sim_1\new\TB_TOP.vhd:]
WARNING: [filemgmt 56-199] Attempt to get parsing info during refresh. "On-the-fly" syntax checking information may be incorrect. [D:\Datos\Universidad\4.Cuarto\SED\LAB\TRABAJOFINAL_VHDL\PEAJE_FINAL\PEAJE_FINAL.srcs\sources_1\new\TOP.vhd:]
WARNING: [filemgmt 56-199] Attempt to get parsing info during refresh. "On-the-fly" syntax checking information may be incorrect. [D:\Datos\Universidad\4.Cuarto\SED\LAB\TRABAJOFINAL_VHDL\PEAJE_FINAL\PEAJE_FINAL.srcs\sim_1\new\TB_DIGITAL.vhd:]
WARNING: [filemgmt 56-199] Attempt to get parsing info during refresh. "On-the-fly" syntax checking information may be incorrect. [D:\Datos\Universidad\4.Cuarto\SED\LAB\TRABAJOFINAL_VHDL\PEAJE_FINAL\PEAJE_FINAL.srcs\sources_1\new\DIGITAL.vhd:]
WARNING: [filemgmt 56-199] Attempt to get parsing info during refresh. "On-the-fly" syntax checking information may be incorrect. [D:\Datos\Universidad\4.Cuarto\SED\LAB\TRABAJOFINAL_VHDL\PEAJE_FINAL\PEAJE_FINAL.srcs\sources_1\new\DIGITAL.vhd:]
ERROR: [Common 17-180] Spawn failed: No error
update_compile_order -fileset sim_1
WARNING: [filemgmt 56-199] Attempt to get parsing info during refresh. "On-the-fly" syntax checking information may be incorrect. [D:\Datos\Universidad\4.Cuarto\SED\LAB\TRABAJOFINAL_VHDL\PEAJE_FINAL\PEAJE_FINAL.srcs\sources_1\new\DIGITAL.vhd:]
WARNING: [filemgmt 56-199] Attempt to get parsing info during refresh. "On-the-fly" syntax checking information may be incorrect. [D:\Datos\Universidad\4.Cuarto\SED\LAB\TRABAJOFINAL_VHDL\PEAJE_FINAL\PEAJE_FINAL.srcs\sources_1\new\COUNTER.vhd:]
WARNING: [filemgmt 56-199] Attempt to get parsing info during refresh. "On-the-fly" syntax checking information may be incorrect. [D:\Datos\Universidad\4.Cuarto\SED\LAB\TRABAJOFINAL_VHDL\PEAJE_FINAL\PEAJE_FINAL.srcs\sim_1\new\TB_TOP.vhd:]
WARNING: [filemgmt 56-199] Attempt to get parsing info during refresh. "On-the-fly" syntax checking information may be incorrect. [D:\Datos\Universidad\4.Cuarto\SED\LAB\TRABAJOFINAL_VHDL\PEAJE_FINAL\PEAJE_FINAL.srcs\sources_1\new\TOP.vhd:]
WARNING: [filemgmt 56-199] Attempt to get parsing info during refresh. "On-the-fly" syntax checking information may be incorrect. [D:\Datos\Universidad\4.Cuarto\SED\LAB\TRABAJOFINAL_VHDL\PEAJE_FINAL\PEAJE_FINAL.srcs\sim_1\new\TB_DIGITAL.vhd:]
WARNING: [filemgmt 56-199] Attempt to get parsing info during refresh. "On-the-fly" syntax checking information may be incorrect. [D:\Datos\Universidad\4.Cuarto\SED\LAB\TRABAJOFINAL_VHDL\PEAJE_FINAL\PEAJE_FINAL.srcs\sources_1\new\TOP.vhd:]
WARNING: [filemgmt 56-199] Attempt to get parsing info during refresh. "On-the-fly" syntax checking information may be incorrect. [D:\Datos\Universidad\4.Cuarto\SED\LAB\TRABAJOFINAL_VHDL\PEAJE_FINAL\PEAJE_FINAL.srcs\sources_1\new\TOP.vhd:]
WARNING: [filemgmt 56-199] Attempt to get parsing info during refresh. "On-the-fly" syntax checking information may be incorrect. [D:\Datos\Universidad\4.Cuarto\SED\LAB\TRABAJOFINAL_VHDL\PEAJE_FINAL\PEAJE_FINAL.srcs\sources_1\new\DIGITAL.vhd:]
WARNING: [filemgmt 56-199] Attempt to get parsing info during refresh. "On-the-fly" syntax checking information may be incorrect. [D:\Datos\Universidad\4.Cuarto\SED\LAB\TRABAJOFINAL_VHDL\PEAJE_FINAL\PEAJE_FINAL.srcs\sources_1\new\COUNTER.vhd:]
WARNING: [filemgmt 56-199] Attempt to get parsing info during refresh. "On-the-fly" syntax checking information may be incorrect. [D:\Datos\Universidad\4.Cuarto\SED\LAB\TRABAJOFINAL_VHDL\PEAJE_FINAL\PEAJE_FINAL.srcs\sim_1\new\TB_TOP.vhd:]
WARNING: [filemgmt 56-199] Attempt to get parsing info during refresh. "On-the-fly" syntax checking information may be incorrect. [D:\Datos\Universidad\4.Cuarto\SED\LAB\TRABAJOFINAL_VHDL\PEAJE_FINAL\PEAJE_FINAL.srcs\sources_1\new\TOP.vhd:]
WARNING: [filemgmt 56-199] Attempt to get parsing info during refresh. "On-the-fly" syntax checking information may be incorrect. [D:\Datos\Universidad\4.Cuarto\SED\LAB\TRABAJOFINAL_VHDL\PEAJE_FINAL\PEAJE_FINAL.srcs\sim_1\new\TB_DIGITAL.vhd:]
WARNING: [filemgmt 56-199] Attempt to get parsing info during refresh. "On-the-fly" syntax checking information may be incorrect. [D:\Datos\Universidad\4.Cuarto\SED\LAB\TRABAJOFINAL_VHDL\PEAJE_FINAL\PEAJE_FINAL.srcs\sim_1\new\TB_TOP.vhd:]
WARNING: [filemgmt 56-199] Attempt to get parsing info during refresh. "On-the-fly" syntax checking information may be incorrect. [D:\Datos\Universidad\4.Cuarto\SED\LAB\TRABAJOFINAL_VHDL\PEAJE_FINAL\PEAJE_FINAL.srcs\sim_1\new\TB_TOP.vhd:]
WARNING: [filemgmt 56-199] Attempt to get parsing info during refresh. "On-the-fly" syntax checking information may be incorrect. [D:\Datos\Universidad\4.Cuarto\SED\LAB\TRABAJOFINAL_VHDL\PEAJE_FINAL\PEAJE_FINAL.srcs\sources_1\new\DIGITAL.vhd:]
WARNING: [filemgmt 56-199] Attempt to get parsing info during refresh. "On-the-fly" syntax checking information may be incorrect. [D:\Datos\Universidad\4.Cuarto\SED\LAB\TRABAJOFINAL_VHDL\PEAJE_FINAL\PEAJE_FINAL.srcs\sources_1\new\COUNTER.vhd:]
WARNING: [filemgmt 56-199] Attempt to get parsing info during refresh. "On-the-fly" syntax checking information may be incorrect. [D:\Datos\Universidad\4.Cuarto\SED\LAB\TRABAJOFINAL_VHDL\PEAJE_FINAL\PEAJE_FINAL.srcs\sim_1\new\TB_TOP.vhd:]
WARNING: [filemgmt 56-199] Attempt to get parsing info during refresh. "On-the-fly" syntax checking information may be incorrect. [D:\Datos\Universidad\4.Cuarto\SED\LAB\TRABAJOFINAL_VHDL\PEAJE_FINAL\PEAJE_FINAL.srcs\sources_1\new\TOP.vhd:]
WARNING: [filemgmt 56-199] Attempt to get parsing info during refresh. "On-the-fly" syntax checking information may be incorrect. [D:\Datos\Universidad\4.Cuarto\SED\LAB\TRABAJOFINAL_VHDL\PEAJE_FINAL\PEAJE_FINAL.srcs\sim_1\new\TB_DIGITAL.vhd:]
WARNING: [filemgmt 56-199] Attempt to get parsing info during refresh. "On-the-fly" syntax checking information may be incorrect. [D:\Datos\Universidad\4.Cuarto\SED\LAB\TRABAJOFINAL_VHDL\PEAJE_FINAL\PEAJE_FINAL.srcs\sources_1\new\COUNTER.vhd:]
WARNING: [filemgmt 56-199] Attempt to get parsing info during refresh. "On-the-fly" syntax checking information may be incorrect. [D:\Datos\Universidad\4.Cuarto\SED\LAB\TRABAJOFINAL_VHDL\PEAJE_FINAL\PEAJE_FINAL.srcs\sources_1\new\COUNTER.vhd:]
WARNING: [filemgmt 56-199] Attempt to get parsing info during refresh. "On-the-fly" syntax checking information may be incorrect. [D:\Datos\Universidad\4.Cuarto\SED\LAB\TRABAJOFINAL_VHDL\PEAJE_FINAL\PEAJE_FINAL.srcs\sources_1\new\DIGITAL.vhd:]
WARNING: [filemgmt 56-199] Attempt to get parsing info during refresh. "On-the-fly" syntax checking information may be incorrect. [D:\Datos\Universidad\4.Cuarto\SED\LAB\TRABAJOFINAL_VHDL\PEAJE_FINAL\PEAJE_FINAL.srcs\sources_1\new\COUNTER.vhd:]
WARNING: [filemgmt 56-199] Attempt to get parsing info during refresh. "On-the-fly" syntax checking information may be incorrect. [D:\Datos\Universidad\4.Cuarto\SED\LAB\TRABAJOFINAL_VHDL\PEAJE_FINAL\PEAJE_FINAL.srcs\sim_1\new\TB_TOP.vhd:]
WARNING: [filemgmt 56-199] Attempt to get parsing info during refresh. "On-the-fly" syntax checking information may be incorrect. [D:\Datos\Universidad\4.Cuarto\SED\LAB\TRABAJOFINAL_VHDL\PEAJE_FINAL\PEAJE_FINAL.srcs\sources_1\new\TOP.vhd:]
WARNING: [filemgmt 56-199] Attempt to get parsing info during refresh. "On-the-fly" syntax checking information may be incorrect. [D:\Datos\Universidad\4.Cuarto\SED\LAB\TRABAJOFINAL_VHDL\PEAJE_FINAL\PEAJE_FINAL.srcs\sim_1\new\TB_DIGITAL.vhd:]
WARNING: [filemgmt 56-199] Attempt to get parsing info during refresh. "On-the-fly" syntax checking information may be incorrect. [D:\Datos\Universidad\4.Cuarto\SED\LAB\TRABAJOFINAL_VHDL\PEAJE_FINAL\PEAJE_FINAL.srcs\sim_1\new\TB_DIGITAL.vhd:]
WARNING: [filemgmt 56-199] Attempt to get parsing info during refresh. "On-the-fly" syntax checking information may be incorrect. [D:\Datos\Universidad\4.Cuarto\SED\LAB\TRABAJOFINAL_VHDL\PEAJE_FINAL\PEAJE_FINAL.srcs\sim_1\new\TB_DIGITAL.vhd:]
WARNING: [filemgmt 56-199] Attempt to get parsing info during refresh. "On-the-fly" syntax checking information may be incorrect. [D:\Datos\Universidad\4.Cuarto\SED\LAB\TRABAJOFINAL_VHDL\PEAJE_FINAL\PEAJE_FINAL.srcs\sources_1\new\DIGITAL.vhd:]
WARNING: [filemgmt 56-199] Attempt to get parsing info during refresh. "On-the-fly" syntax checking information may be incorrect. [D:\Datos\Universidad\4.Cuarto\SED\LAB\TRABAJOFINAL_VHDL\PEAJE_FINAL\PEAJE_FINAL.srcs\sources_1\new\COUNTER.vhd:]
WARNING: [filemgmt 56-199] Attempt to get parsing info during refresh. "On-the-fly" syntax checking information may be incorrect. [D:\Datos\Universidad\4.Cuarto\SED\LAB\TRABAJOFINAL_VHDL\PEAJE_FINAL\PEAJE_FINAL.srcs\sim_1\new\TB_TOP.vhd:]
WARNING: [filemgmt 56-199] Attempt to get parsing info during refresh. "On-the-fly" syntax checking information may be incorrect. [D:\Datos\Universidad\4.Cuarto\SED\LAB\TRABAJOFINAL_VHDL\PEAJE_FINAL\PEAJE_FINAL.srcs\sources_1\new\TOP.vhd:]
WARNING: [filemgmt 56-199] Attempt to get parsing info during refresh. "On-the-fly" syntax checking information may be incorrect. [D:\Datos\Universidad\4.Cuarto\SED\LAB\TRABAJOFINAL_VHDL\PEAJE_FINAL\PEAJE_FINAL.srcs\sim_1\new\TB_DIGITAL.vhd:]
WARNING: [filemgmt 56-199] Attempt to get parsing info during refresh. "On-the-fly" syntax checking information may be incorrect. [D:\Datos\Universidad\4.Cuarto\SED\LAB\TRABAJOFINAL_VHDL\PEAJE_FINAL\PEAJE_FINAL.srcs\sources_1\new\TOP.vhd:]
WARNING: [filemgmt 56-199] Attempt to get parsing info during refresh. "On-the-fly" syntax checking information may be incorrect. [D:\Datos\Universidad\4.Cuarto\SED\LAB\TRABAJOFINAL_VHDL\PEAJE_FINAL\PEAJE_FINAL.srcs\sources_1\new\TOP.vhd:]
WARNING: [filemgmt 56-199] Attempt to get parsing info during refresh. "On-the-fly" syntax checking information may be incorrect. [D:\Datos\Universidad\4.Cuarto\SED\LAB\TRABAJOFINAL_VHDL\PEAJE_FINAL\PEAJE_FINAL.srcs\sources_1\new\DIGITAL.vhd:]
WARNING: [filemgmt 56-199] Attempt to get parsing info during refresh. "On-the-fly" syntax checking information may be incorrect. [D:\Datos\Universidad\4.Cuarto\SED\LAB\TRABAJOFINAL_VHDL\PEAJE_FINAL\PEAJE_FINAL.srcs\sources_1\new\COUNTER.vhd:]
WARNING: [filemgmt 56-199] Attempt to get parsing info during refresh. "On-the-fly" syntax checking information may be incorrect. [D:\Datos\Universidad\4.Cuarto\SED\LAB\TRABAJOFINAL_VHDL\PEAJE_FINAL\PEAJE_FINAL.srcs\sim_1\new\TB_TOP.vhd:]
WARNING: [filemgmt 56-199] Attempt to get parsing info during refresh. "On-the-fly" syntax checking information may be incorrect. [D:\Datos\Universidad\4.Cuarto\SED\LAB\TRABAJOFINAL_VHDL\PEAJE_FINAL\PEAJE_FINAL.srcs\sources_1\new\TOP.vhd:]
WARNING: [filemgmt 56-199] Attempt to get parsing info during refresh. "On-the-fly" syntax checking information may be incorrect. [D:\Datos\Universidad\4.Cuarto\SED\LAB\TRABAJOFINAL_VHDL\PEAJE_FINAL\PEAJE_FINAL.srcs\sim_1\new\TB_DIGITAL.vhd:]
WARNING: [filemgmt 56-199] Attempt to get parsing info during refresh. "On-the-fly" syntax checking information may be incorrect. [D:\Datos\Universidad\4.Cuarto\SED\LAB\TRABAJOFINAL_VHDL\PEAJE_FINAL\PEAJE_FINAL.srcs\sim_1\new\TB_TOP.vhd:]
WARNING: [filemgmt 56-199] Attempt to get parsing info during refresh. "On-the-fly" syntax checking information may be incorrect. [D:\Datos\Universidad\4.Cuarto\SED\LAB\TRABAJOFINAL_VHDL\PEAJE_FINAL\PEAJE_FINAL.srcs\sim_1\new\TB_TOP.vhd:]
WARNING: [filemgmt 56-199] Attempt to get parsing info during refresh. "On-the-fly" syntax checking information may be incorrect. [D:\Datos\Universidad\4.Cuarto\SED\LAB\TRABAJOFINAL_VHDL\PEAJE_FINAL\PEAJE_FINAL.srcs\sources_1\new\DIGITAL.vhd:]
WARNING: [filemgmt 56-199] Attempt to get parsing info during refresh. "On-the-fly" syntax checking information may be incorrect. [D:\Datos\Universidad\4.Cuarto\SED\LAB\TRABAJOFINAL_VHDL\PEAJE_FINAL\PEAJE_FINAL.srcs\sources_1\new\COUNTER.vhd:]
WARNING: [filemgmt 56-199] Attempt to get parsing info during refresh. "On-the-fly" syntax checking information may be incorrect. [D:\Datos\Universidad\4.Cuarto\SED\LAB\TRABAJOFINAL_VHDL\PEAJE_FINAL\PEAJE_FINAL.srcs\sim_1\new\TB_TOP.vhd:]
WARNING: [filemgmt 56-199] Attempt to get parsing info during refresh. "On-the-fly" syntax checking information may be incorrect. [D:\Datos\Universidad\4.Cuarto\SED\LAB\TRABAJOFINAL_VHDL\PEAJE_FINAL\PEAJE_FINAL.srcs\sources_1\new\TOP.vhd:]
WARNING: [filemgmt 56-199] Attempt to get parsing info during refresh. "On-the-fly" syntax checking information may be incorrect. [D:\Datos\Universidad\4.Cuarto\SED\LAB\TRABAJOFINAL_VHDL\PEAJE_FINAL\PEAJE_FINAL.srcs\sim_1\new\TB_DIGITAL.vhd:]
WARNING: [filemgmt 56-199] Attempt to get parsing info during refresh. "On-the-fly" syntax checking information may be incorrect. [D:\Datos\Universidad\4.Cuarto\SED\LAB\TRABAJOFINAL_VHDL\PEAJE_FINAL\PEAJE_FINAL.srcs\sources_1\new\COUNTER.vhd:]
WARNING: [filemgmt 56-199] Attempt to get parsing info during refresh. "On-the-fly" syntax checking information may be incorrect. [D:\Datos\Universidad\4.Cuarto\SED\LAB\TRABAJOFINAL_VHDL\PEAJE_FINAL\PEAJE_FINAL.srcs\sources_1\new\COUNTER.vhd:]
WARNING: [filemgmt 56-199] Attempt to get parsing info during refresh. "On-the-fly" syntax checking information may be incorrect. [D:\Datos\Universidad\4.Cuarto\SED\LAB\TRABAJOFINAL_VHDL\PEAJE_FINAL\PEAJE_FINAL.srcs\sources_1\new\DIGITAL.vhd:]
WARNING: [filemgmt 56-199] Attempt to get parsing info during refresh. "On-the-fly" syntax checking information may be incorrect. [D:\Datos\Universidad\4.Cuarto\SED\LAB\TRABAJOFINAL_VHDL\PEAJE_FINAL\PEAJE_FINAL.srcs\sources_1\new\COUNTER.vhd:]
WARNING: [filemgmt 56-199] Attempt to get parsing info during refresh. "On-the-fly" syntax checking information may be incorrect. [D:\Datos\Universidad\4.Cuarto\SED\LAB\TRABAJOFINAL_VHDL\PEAJE_FINAL\PEAJE_FINAL.srcs\sim_1\new\TB_TOP.vhd:]
WARNING: [filemgmt 56-199] Attempt to get parsing info during refresh. "On-the-fly" syntax checking information may be incorrect. [D:\Datos\Universidad\4.Cuarto\SED\LAB\TRABAJOFINAL_VHDL\PEAJE_FINAL\PEAJE_FINAL.srcs\sources_1\new\TOP.vhd:]
WARNING: [filemgmt 56-199] Attempt to get parsing info during refresh. "On-the-fly" syntax checking information may be incorrect. [D:\Datos\Universidad\4.Cuarto\SED\LAB\TRABAJOFINAL_VHDL\PEAJE_FINAL\PEAJE_FINAL.srcs\sim_1\new\TB_DIGITAL.vhd:]
launch_simulation
Command: launch_simulation 
INFO: [Vivado 12-12493] Simulation top is 'COUNTER_TB'
WARNING: [Vivado 12-13340] Unable to auto find GCC executables from simulator install path! (path not set)
boost::filesystem::remove: El proceso no tiene acceso al archivo porque est siendo utilizado por otro proceso: "D:/Datos/Universidad/4.Cuarto/SED/LAB/TRABAJOFINAL_VHDL/PEAJE_FINAL/PEAJE_FINAL.sim/sim_1/behav/xsim/simulate.log"
launch_simulation
Command: launch_simulation 
INFO: [Vivado 12-12493] Simulation top is 'COUNTER_TB'
WARNING: [Vivado 12-13340] Unable to auto find GCC executables from simulator install path! (path not set)
boost::filesystem::remove: El proceso no tiene acceso al archivo porque est siendo utilizado por otro proceso: "D:/Datos/Universidad/4.Cuarto/SED/LAB/TRABAJOFINAL_VHDL/PEAJE_FINAL/PEAJE_FINAL.sim/sim_1/behav/xsim/simulate.log"
close_sim
INFO: [Simtcl 6-16] Simulation closed
exit
INFO: [Common 17-206] Exiting Vivado at Wed Jan 22 13:02:46 2025...
