********************************************************************************
* Unified simulation Tcl App stack trace dump
*
* File: .usf.tcl_error.log (Tue Dec 17 11:59:10 2024)
*
* This file is generated by the unified simulation automation and contains the
* tcl stack trace of error returned by the simulator App for the current run.
*
********************************************************************************
ERROR: [Common 17-39] 'set_property' failed due to earlier errors.

    while executing
"rdi::set_property sim_mode behavioral sim_1"
    invoked from within
"set_property sim_mode "behavioral" $fs_obj"
    (procedure "xcs_set_simulation_flow" line 24)
    invoked from within
"xcs_set_simulation_flow $a_sim_vars(s_simset) $a_sim_vars(s_mode) $a_sim_vars(s_type) a_sim_vars(s_flow_dir_key) a_sim_vars(s_simulation_flow)"
    (procedure "usf_xsim_setup_simulation" line 9)
    invoked from within
"usf_xsim_setup_simulation"
    (procedure "tclapp::xilinx::xsim::setup" line 24)
    invoked from within
"tclapp::xilinx::xsim::setup { -simset sim_1 -mode behavioral -run_dir E:/TRABAJO_FPGA/VHDL_Peaje.sim/sim_1/behav/xsim -int_os_type 64 -int_debug_mode ..."
